t =    0.0000 CONTINUE SOLVER BD 0.020 0.001 0. ABL                                                                                             
t =    1.0000 BREAKER SYNC_MACH g12 0                                                                                                           
t =    1.0220 REP EXC  GENERIC1             g8                      1     -1      0
t =    1.0820 REP EXC  GENERIC1             g8                      1      0     -1
t =    1.1220 REP EXC  GENERIC1             g8                      1     -1      0
t =    1.3820 REP EXC  GENERIC1             g14                     1     -1      0
t =    1.8020 REP EXC  GENERIC1             g5                      1     -1      0
t =    2.2420 REP EXC  GENERIC1             g5                      1      0     -1
t =    3.3020 REP EXC  GENERIC1             g5                      1     -1      0
t =    5.0000 CONTINUE SOLVER BD 0.020 0.001 0. ABL                                                                                             
t =    8.0000 REP EXC  GENERIC1             g11                     1     -1      0
t =    8.7400 REP EXC  GENERIC1             g11                     1      0     -1
t =    9.6200 REP EXC  GENERIC1             g11                     1     -1      0
t =   15.0110 CHGPRM TOR g6 Tm0 0.018278024071557177 0                                                                                          
t =   15.0110 CHGPRM TOR g7 Tm0 0.018278024071557177 0                                                                                          
t =   15.0110 CHGPRM TOR g14 Tm0 0.018278024071557177 0                                                                                         
t =   15.0110 CHGPRM TOR g15 Tm0 0.018278024071557177 0                                                                                         
t =   15.0110 CHGPRM TOR g16 Tm0 0.018278024071557177 0                                                                                         
t =   15.1130 REP EXC  GENERIC1             g14                     1      0      1
t =   15.1130 REP EXC  GENERIC1             g14                     2     -1      0
t =   15.2530 REP EXC  GENERIC1             g14                     1      1      0
t =   15.5530 REP EXC  GENERIC1             g11                     1      0     -1
t =   16.0100 CHGPRM TOR g6 Tm0 0.03108327737594545 0                                                                                           
t =   16.0100 CHGPRM TOR g7 Tm0 0.03108327737594545 0                                                                                           
t =   16.0100 CHGPRM TOR g14 Tm0 0.03108327737594545 0                                                                                          
t =   16.0100 CHGPRM TOR g15 Tm0 0.03108327737594545 0                                                                                          
t =   16.0100 CHGPRM TOR g16 Tm0 0.03108327737594545 0                                                                                          
t =   17.0100 CHGPRM TOR g6 Tm0 0.04091379080493535 0                                                                                           
t =   17.0100 CHGPRM TOR g7 Tm0 0.04091379080493535 0                                                                                           
t =   17.0100 CHGPRM TOR g14 Tm0 0.04091379080493535 0                                                                                          
t =   17.0100 CHGPRM TOR g15 Tm0 0.04091379080493535 0                                                                                          
t =   17.0100 CHGPRM TOR g16 Tm0 0.04091379080493535 0                                                                                          
t =   17.2320 REP EXC  GENERIC1             g5                      1      0     -1
t =   17.6920 REP EXC  GENERIC1             g14                     1      0     -1
t =   17.6920 REP EXC  GENERIC1             g14                     2      0     -1
t =   17.8720 REP EXC  GENERIC1             g14                     1     -1      0
t =   18.0100 CHGPRM TOR g6 Tm0 0.046552687785984564 0                                                                                          
t =   18.0100 CHGPRM TOR g7 Tm0 0.046552687785984564 0                                                                                          
t =   18.0100 CHGPRM TOR g14 Tm0 0.046552687785984564 0                                                                                         
t =   18.0100 CHGPRM TOR g15 Tm0 0.046552687785984564 0                                                                                         
t =   18.0100 CHGPRM TOR g16 Tm0 0.046552687785984564 0                                                                                         
t =   18.2920 REP EXC  GENERIC1             g8                      1      0     -1
t =   18.5120 REP EXC  GENERIC1             g14                     1      0     -1
t =   19.0100 CHGPRM TOR g6 Tm0 0.04649280693776611 0                                                                                           
t =   19.0100 CHGPRM TOR g7 Tm0 0.04649280693776611 0                                                                                           
t =   19.0100 CHGPRM TOR g14 Tm0 0.04649280693776611 0                                                                                          
t =   19.0100 CHGPRM TOR g15 Tm0 0.04649280693776611 0                                                                                          
t =   19.0100 CHGPRM TOR g16 Tm0 0.04649280693776611 0                                                                                          
t =   19.0520 REP EXC  GENERIC1             g14                     1     -1      0
t =   19.1120 REP EXC  GENERIC1             g6                      1     -1      0
t =   19.3120 REP EXC  GENERIC1             g6                      1      0     -1
t =   19.4520 REP EXC  GENERIC1             g14                     1      0     -1
t =   19.4920 REP EXC  GENERIC1             g6                      1     -1      0
t =   20.0100 CHGPRM TOR g6 Tm0 0.040155923486698546 0                                                                                          
t =   20.0100 CHGPRM TOR g7 Tm0 0.040155923486698546 0                                                                                          
t =   20.0100 CHGPRM TOR g14 Tm0 0.040155923486698546 0                                                                                         
t =   20.0100 CHGPRM TOR g15 Tm0 0.040155923486698546 0                                                                                         
t =   20.0100 CHGPRM TOR g16 Tm0 0.040155923486698546 0                                                                                         
t =   20.0920 REP EXC  GENERIC1             g14                     1     -1      0
MESSAGE FROM DCTL sim_minmaxvolt MINMAXVOLT_Warning: 
t =   20.2120         Voltage out of bounds at bus 4051 :  1.10
MESSAGE FROM DCTL sim_minmaxvolt MINMAXVOLT_Warning: 
t =   20.2120         Voltage out of bounds at bus 4062 :  1.10
t =   20.4120 REP EXC  GENERIC1             g14                     1      0     -1
t =   21.0100 CHGPRM TOR g6 Tm0 0.027402911306891063 0                                                                                          
t =   21.0100 CHGPRM TOR g7 Tm0 0.027402911306891063 0                                                                                          
t =   21.0100 CHGPRM TOR g14 Tm0 0.027402911306891063 0                                                                                         
t =   21.0100 CHGPRM TOR g15 Tm0 0.027402911306891063 0                                                                                         
t =   21.0100 CHGPRM TOR g16 Tm0 0.027402911306891063 0                                                                                         
t =   21.1320 REP EXC  GENERIC1             g14                     1     -1      0
t =   21.3320 REP EXC  GENERIC1             g14                     1      0     -1
t =   21.6520 REP EXC  GENERIC1             g6                      1      0      1
t =   21.6520 REP EXC  GENERIC1             g6                      2     -1      0
t =   22.0100 CHGPRM TOR g6 Tm0 0.009181336376002453 0                                                                                          
t =   22.0100 CHGPRM TOR g7 Tm0 0.009181336376002453 0                                                                                          
t =   22.0100 CHGPRM TOR g14 Tm0 0.009181336376002453 0                                                                                         
t =   22.0100 CHGPRM TOR g15 Tm0 0.009181336376002453 0                                                                                         
t =   22.0100 CHGPRM TOR g16 Tm0 0.009181336376002453 0                                                                                         
t =   23.0100 CHGPRM TOR g6 Tm0 -0.01270405605166226 0                                                                                          
t =   23.0100 CHGPRM TOR g7 Tm0 -0.01270405605166226 0                                                                                          
t =   23.0100 CHGPRM TOR g14 Tm0 -0.01270405605166226 0                                                                                         
t =   23.0100 CHGPRM TOR g15 Tm0 -0.01270405605166226 0                                                                                         
t =   23.0100 CHGPRM TOR g16 Tm0 -0.01270405605166226 0                                                                                         
t =   24.0100 CHGPRM TOR g6 Tm0 -0.03566189573812565 0                                                                                          
t =   24.0100 CHGPRM TOR g7 Tm0 -0.03566189573812565 0                                                                                          
t =   24.0100 CHGPRM TOR g14 Tm0 -0.03566189573812565 0                                                                                         
t =   24.0100 CHGPRM TOR g15 Tm0 -0.03566189573812565 0                                                                                         
t =   24.0100 CHGPRM TOR g16 Tm0 -0.03566189573812565 0                                                                                         
t =   24.1120 REP EXC  GENERIC1             g6                      1      1      0
t =   25.0100 CHGPRM TOR g6 Tm0 -0.056584565461707856 0                                                                                         
t =   25.0100 CHGPRM TOR g7 Tm0 -0.056584565461707856 0                                                                                         
t =   25.0100 CHGPRM TOR g14 Tm0 -0.056584565461707856 0                                                                                        
t =   25.0100 CHGPRM TOR g15 Tm0 -0.056584565461707856 0                                                                                        
t =   25.0100 CHGPRM TOR g16 Tm0 -0.056584565461707856 0                                                                                        
t =   25.8520 REP EXC  GENERIC1             g6                      1      0     -1
t =   25.9120 REP EXC  GENERIC1             g6                      1     -1      0
t =   26.0100 CHGPRM TOR g6 Tm0 -0.0724196124496289 0                                                                                           
t =   26.0100 CHGPRM TOR g7 Tm0 -0.0724196124496289 0                                                                                           
t =   26.0100 CHGPRM TOR g14 Tm0 -0.0724196124496289 0                                                                                          
t =   26.0100 CHGPRM TOR g15 Tm0 -0.0724196124496289 0                                                                                          
t =   26.0100 CHGPRM TOR g16 Tm0 -0.0724196124496289 0                                                                                          
t =   26.0520 REP EXC  GENERIC1             g6                      1      0     -1
t =   27.0100 CHGPRM TOR g6 Tm0 -0.0805636959072021 0                                                                                           
t =   27.0100 CHGPRM TOR g7 Tm0 -0.0805636959072021 0                                                                                           
t =   27.0100 CHGPRM TOR g14 Tm0 -0.0805636959072021 0                                                                                          
t =   27.0100 CHGPRM TOR g15 Tm0 -0.0805636959072021 0                                                                                          
t =   27.0100 CHGPRM TOR g16 Tm0 -0.0805636959072021 0                                                                                          
t =   27.2320 REP EXC  GENERIC1             g8                      1     -1      0
t =   27.5120 REP EXC  GENERIC1             g14                     1     -1      0
t =   28.0100 CHGPRM TOR g6 Tm0 -0.07951806275874704 0                                                                                          
t =   28.0100 CHGPRM TOR g7 Tm0 -0.07951806275874704 0                                                                                          
t =   28.0100 CHGPRM TOR g14 Tm0 -0.07951806275874704 0                                                                                         
t =   28.0100 CHGPRM TOR g15 Tm0 -0.07951806275874704 0                                                                                         
t =   28.0100 CHGPRM TOR g16 Tm0 -0.07951806275874704 0                                                                                         
t =   28.0720 REP EXC  GENERIC1             g14                     1      0     -1
t =   28.1320 REP EXC  GENERIC1             g5                      1     -1      0
t =   28.3320 REP EXC  GENERIC1             g14                     1     -1      0
t =   28.3520 REP EXC  GENERIC1             g11                     1     -1      0
t =   28.4520 REP EXC  GENERIC1             g6                      2      0     -1
t =   28.5120 REP EXC  GENERIC1             g10                     1     -1      0
t =   28.5320 REP EXC  GENERIC1             g14                     1      0      1
t =   28.5320 REP EXC  GENERIC1             g14                     2     -1      0
t =   28.6120 REP EXC  GENERIC1             g5                      1      0      1
t =   28.6120 REP EXC  GENERIC1             g5                      2     -1      0
t =   28.7720 REP EXC  GENERIC1             g11                     1      0      1
t =   28.7720 REP EXC  GENERIC1             g11                     2     -1      0
t =   29.0100 CHGPRM TOR g6 Tm0 -0.06914051273909647 0                                                                                          
t =   29.0100 CHGPRM TOR g7 Tm0 -0.06914051273909647 0                                                                                          
t =   29.0100 CHGPRM TOR g14 Tm0 -0.06914051273909647 0                                                                                         
t =   29.0100 CHGPRM TOR g15 Tm0 -0.06914051273909647 0                                                                                         
t =   29.0100 CHGPRM TOR g16 Tm0 -0.06914051273909647 0                                                                                         
t =   29.1320 REP EXC  GENERIC1             g14                     1      1      0
t =   29.2520 REP EXC  GENERIC1             g14                     1      0      1
t =   29.2520 REP EXC  GENERIC1             g8                      1      0      1
t =   29.2520 REP EXC  GENERIC1             g8                      2     -1      0
t =   29.7520 REP EXC  GENERIC1             g7                      1     -1      0
t =   30.0100 CHGPRM TOR g6 Tm0 -0.05081540433240259 0                                                                                          
t =   30.0100 CHGPRM TOR g7 Tm0 -0.05081540433240259 0                                                                                          
t =   30.0100 CHGPRM TOR g14 Tm0 -0.05081540433240259 0                                                                                         
t =   30.0100 CHGPRM TOR g15 Tm0 -0.05081540433240259 0                                                                                         
t =   30.0100 CHGPRM TOR g16 Tm0 -0.05081540433240259 0                                                                                         
t =   30.0520 REP EXC  GENERIC1             g7                      1      0     -1
t =   30.3720 REP EXC  GENERIC1             g7                      1     -1      0
t =   30.6120 REP EXC  GENERIC1             g10                     1      0      1
t =   30.6120 REP EXC  GENERIC1             g10                     2     -1      0
t =   30.6320 REP EXC  GENERIC1             g7                      1      0      1
t =   30.6320 REP EXC  GENERIC1             g7                      2     -1      0
t =   31.0100 CHGPRM TOR g6 Tm0 -0.027025677445226586 0                                                                                         
t =   31.0100 CHGPRM TOR g7 Tm0 -0.027025677445226586 0                                                                                         
t =   31.0100 CHGPRM TOR g14 Tm0 -0.027025677445226586 0                                                                                        
t =   31.0100 CHGPRM TOR g15 Tm0 -0.027025677445226586 0                                                                                        
t =   31.0100 CHGPRM TOR g16 Tm0 -0.027025677445226586 0                                                                                        
t =   31.4320 REP EXC  GENERIC1             g9                      1     -1      0
t =   31.8720 REP EXC  GENERIC1             g16                     1     -1      0
t =   32.0100 CHGPRM TOR g6 Tm0 -0.00029137506048530217 0                                                                                       
t =   32.0100 CHGPRM TOR g7 Tm0 -0.00029137506048530217 0                                                                                       
t =   32.0100 CHGPRM TOR g14 Tm0 -0.00029137506048530217 0                                                                                      
t =   32.0100 CHGPRM TOR g15 Tm0 -0.00029137506048530217 0                                                                                      
t =   32.0100 CHGPRM TOR g16 Tm0 -0.00029137506048530217 0                                                                                      
t =   32.3520 REP EXC  GENERIC1             g16                     1      0     -1
t =   32.8320 REP EXC  GENERIC1             g16                     1     -1      0
t =   33.0100 CHGPRM TOR g6 Tm0 0.02868583226204019 0                                                                                           
t =   33.0100 CHGPRM TOR g7 Tm0 0.02868583226204019 0                                                                                           
t =   33.0100 CHGPRM TOR g14 Tm0 0.02868583226204019 0                                                                                          
t =   33.0100 CHGPRM TOR g15 Tm0 0.02868583226204019 0                                                                                          
t =   33.0100 CHGPRM TOR g16 Tm0 0.02868583226204019 0                                                                                          
t =   33.0520 REP EXC  GENERIC1             g15                     1     -1      0
t =   33.2520 REP EXC  GENERIC1             g15                     1      0     -1
t =   33.3120 REP EXC  GENERIC1             g16                     1      0     -1
t =   33.8120 REP EXC  GENERIC1             g9                      1      0     -1
t =   34.0100 CHGPRM TOR g6 Tm0 0.06112521500157927 0                                                                                           
t =   34.0100 CHGPRM TOR g7 Tm0 0.06112521500157927 0                                                                                           
t =   34.0100 CHGPRM TOR g14 Tm0 0.06112521500157927 0                                                                                          
t =   34.0100 CHGPRM TOR g15 Tm0 0.06112521500157927 0                                                                                          
t =   34.0100 CHGPRM TOR g16 Tm0 0.06112521500157927 0                                                                                          
t =   34.2720 REP EXC  GENERIC1             g10                     1      1      0
t =   34.3120 REP EXC  GENERIC1             g7                      1      1      0
t =   34.5320 REP EXC  GENERIC1             g7                      1      0     -1
t =   35.0100 CHGPRM TOR g6 Tm0 0.0918845101525871 0                                                                                            
t =   35.0100 CHGPRM TOR g7 Tm0 0.0918845101525871 0                                                                                            
t =   35.0100 CHGPRM TOR g14 Tm0 0.0918845101525871 0                                                                                           
t =   35.0100 CHGPRM TOR g15 Tm0 0.0918845101525871 0                                                                                           
t =   35.0100 CHGPRM TOR g16 Tm0 0.0918845101525871 0                                                                                           
t =   35.1120 REP EXC  GENERIC1             g7                      1     -1      0
t =   35.3320 REP EXC  GENERIC1             g7                      1      0     -1
t =   35.5120 REP EXC  GENERIC1             g8                      1      1      0
t =   35.9920 REP EXC  GENERIC1             g8                      1      0      1
t =   36.0100 CHGPRM TOR g6 Tm0 0.1170294325709362 0                                                                                            
t =   36.0100 CHGPRM TOR g7 Tm0 0.1170294325709362 0                                                                                            
t =   36.0100 CHGPRM TOR g14 Tm0 0.1170294325709362 0                                                                                           
t =   36.0100 CHGPRM TOR g15 Tm0 0.1170294325709362 0                                                                                           
t =   36.0100 CHGPRM TOR g16 Tm0 0.1170294325709362 0                                                                                           
t =   36.1320 REP EXC  GENERIC1             g8                      1      1      0
t =   36.2320 REP EXC  GENERIC1             g11                     1      1      0
t =   36.2520 REP EXC  GENERIC1             g10                     1      0     -1
t =   36.3920 REP EXC  GENERIC1             g5                      1      1      0
t =   36.4520 REP EXC  GENERIC1             g10                     2      0     -1
t =   36.4720 REP EXC  GENERIC1             g11                     1      0     -1
t =   36.4920 REP EXC  GENERIC1             g14                     1      1      0
t =   36.5920 REP EXC  GENERIC1             g8                      1      0     -1
t =   36.6720 REP EXC  GENERIC1             g14                     1      0     -1
t =   36.7520 REP EXC  GENERIC1             g5                      1      0     -1
t =   36.7920 REP EXC  GENERIC1             g8                      1     -1      0
t =   36.9920 REP EXC  GENERIC1             g14                     1     -1      0
t =   37.0100 CHGPRM TOR g6 Tm0 0.13203302708304523 0                                                                                           
t =   37.0100 CHGPRM TOR g7 Tm0 0.13203302708304523 0                                                                                           
t =   37.0100 CHGPRM TOR g14 Tm0 0.13203302708304523 0                                                                                          
t =   37.0100 CHGPRM TOR g15 Tm0 0.13203302708304523 0                                                                                          
t =   37.0100 CHGPRM TOR g16 Tm0 0.13203302708304523 0                                                                                          
t =   37.1120 REP EXC  GENERIC1             g14                     1      0      1
t =   37.2320 REP EXC  GENERIC1             g8                      1      0     -1
t =   37.3520 REP EXC  GENERIC1             g14                     1      1      0
t =   37.5520 REP EXC  GENERIC1             g14                     1      0     -1
t =   37.6320 REP EXC  GENERIC1             g6                      1     -1      0
t =   37.8720 REP EXC  GENERIC1             g8                      2      0     -1
t =   38.0100 CHGPRM TOR g6 Tm0 0.131618395314737 0                                                                                             
t =   38.0100 CHGPRM TOR g7 Tm0 0.131618395314737 0                                                                                             
t =   38.0100 CHGPRM TOR g14 Tm0 0.131618395314737 0                                                                                            
t =   38.0100 CHGPRM TOR g15 Tm0 0.131618395314737 0                                                                                            
t =   38.0100 CHGPRM TOR g16 Tm0 0.131618395314737 0                                                                                            
t =   38.0320 REP EXC  GENERIC1             g6                      6      0      1
t =   38.0320 REP EXC  GENERIC1             g14                     1     -1      0
t =   38.0320 REP EXC  GENERIC1             g7                      6      0      1
t =   38.0320 REP EXC  GENERIC1             g14                     6      0      1
t =   38.0320 REP EXC  GENERIC1             g15                     6      0      1
t =   38.0320 REP EXC  GENERIC1             g16                     6      0      1
t =   38.0520 REP EXC  GENERIC1             g14                     6      1      0
t =   38.0520 REP EXC  GENERIC1             g6                      6      1      0
t =   38.0520 REP EXC  GENERIC1             g15                     6      1      0
t =   38.0520 REP EXC  GENERIC1             g7                      6      1      0
t =   38.0520 REP EXC  GENERIC1             g16                     6      1      0
t =   38.0920 REP EXC  GENERIC1             g6                      1      0      1
t =   38.0920 REP EXC  GENERIC1             g6                      2     -1      0
t =   38.1520 REP EXC  GENERIC1             g14                     1      0      1
t =   38.1720 REP EXC  GENERIC1             g15                     1     -1      0
t =   38.3320 REP EXC  GENERIC1             g14                     1      1      0
t =   38.4320 REP EXC  GENERIC1             g7                      2      0     -1
t =   38.5520 REP EXC  GENERIC1             g14                     1      0     -1
t =   38.9520 REP EXC  GENERIC1             g14                     1     -1      0
t =   39.0100 CHGPRM TOR g6 Tm0 0.11348351932115915 0                                                                                           
t =   39.0100 CHGPRM TOR g7 Tm0 0.11348351932115915 0                                                                                           
t =   39.0100 CHGPRM TOR g14 Tm0 0.11348351932115915 0                                                                                          
t =   39.0100 CHGPRM TOR g15 Tm0 0.11348351932115915 0                                                                                          
t =   39.0100 CHGPRM TOR g16 Tm0 0.11348351932115915 0                                                                                          
t =   39.0320 REP EXC  GENERIC1             g6                      6      0      1
t =   39.0320 REP EXC  GENERIC1             g14                     6      0      1
t =   39.0320 REP EXC  GENERIC1             g7                      6      0      1
t =   39.0320 REP EXC  GENERIC1             g15                     6      0      1
t =   39.0320 REP EXC  GENERIC1             g16                     6      0      1
t =   39.0520 REP EXC  GENERIC1             g6                      6      1      0
t =   39.0520 REP EXC  GENERIC1             g14                     6      1      0
t =   39.0520 REP EXC  GENERIC1             g7                      6      1      0
t =   39.0520 REP EXC  GENERIC1             g15                     6      1      0
t =   39.0520 REP EXC  GENERIC1             g16                     6      1      0
t =   39.1520 REP EXC  GENERIC1             g14                     1      0      1
t =   39.1520 REP EXC  GENERIC1             g7                      1     -1      0
t =   39.1520 REP EXC  GENERIC1             g15                     1      0      1
t =   39.1520 REP EXC  GENERIC1             g15                     2     -1      0
t =   39.2120 REP EXC  GENERIC1             g16                     1     -1      0
t =   39.2920 REP EXC  GENERIC1             g5                      2      0     -1
t =   39.4120 REP EXC  GENERIC1             g14                     1      1      0
t =   39.5720 REP EXC  GENERIC1             g18                     6      0      1
t =   39.6320 REP EXC  GENERIC1             g7                      1      0     -1
t =   39.6520 REP EXC  GENERIC1             g4                      6      0      1
t =   39.7520 REP EXC  GENERIC1             g17                     6      0      1
t =   39.8720 REP EXC  GENERIC1             g7                      1     -1      0
t =   40.0100 CHGPRM TOR g6 Tm0 0.07693077656373205 0                                                                                           
t =   40.0100 CHGPRM TOR g7 Tm0 0.07693077656373205 0                                                                                           
t =   40.0100 CHGPRM TOR g14 Tm0 0.07693077656373205 0                                                                                          
t =   40.0100 CHGPRM TOR g15 Tm0 0.07693077656373205 0                                                                                          
t =   40.0100 CHGPRM TOR g16 Tm0 0.07693077656373205 0                                                                                          
t =   40.0320 REP EXC  GENERIC1             g14                     6      0      1
t =   40.0320 REP EXC  GENERIC1             g6                      6      0      1
t =   40.0320 REP EXC  GENERIC1             g15                     6      0      1
t =   40.0320 REP EXC  GENERIC1             g7                      6      0      1
t =   40.0320 REP EXC  GENERIC1             g16                     6      0      1
t =   40.0520 REP EXC  GENERIC1             g14                     6      1      0
t =   40.0520 REP EXC  GENERIC1             g6                      6      1      0
t =   40.0520 REP EXC  GENERIC1             g15                     6      1      0
t =   40.0520 REP EXC  GENERIC1             g7                      6      1      0
t =   40.0520 REP EXC  GENERIC1             g16                     6      1      0
t =   40.0720 REP EXC  GENERIC1             g14                     1      0      1
t =   40.2720 REP EXC  GENERIC1             g16                     1      0      1
t =   40.2720 REP EXC  GENERIC1             g16                     2     -1      0
STOP CALL FROM DCTL sim_minmaxvolt MINMAXVOLT_Stopping: 
t =   40.4720         Voltage out of bounds at bus 4032 :  1.20
