COMMENTS FROM DATA FILES:

! NORDIC TEST SYSTEM - OPERATING POINT A                                                                                          



SOLVER SETTINGS :
   Using fully decomposed Scheme
   Updating Jacobian only locally, whenever possible
   Skipping Newton solution of converged components
   Using COI reference frame
   Variation of x in Jacobian computation : max( 0.1000E-04 |x|, 0.1000E-04)
   Tolerance on network equations in pu (system base) :  0.1000E-02 pu
   Tolerance on injector equations (absolute, relative) :  0.1000E-03 pu,  0.1000E-03 pu


EXTRACTED RECORDS:

   74 buses extracted from records
  102 branches extracted from records
   20 synchronous machines extracted from records
       for a total of    420 continuous time states
                         120 discrete exciter states
                         480 exciter parameters
                          24 discrete torque states
                         116 torque parameters
    0 user-defined two-ports extracted from records
   23 user-defined injectors extracted from records
       for a total of    244 continuous time states
                          23 discrete states
                         550 parameters
    0 impedance loads extracted from records or created from mismatches
   24 discrete controllers extracted from records

NUMBER OF ISLANDS :    1

    74 buses in island #     1

NUMBER OF SHUNTS :    11  (B_ type:     0)

shunt                 at bus                 Qnom island breaker

SH1022                1022                    50.000      1    1
SH1041                1041                   250.000      1    1
SH1043                1043                   200.000      1    1
SH1044                1044                   200.000      1    1
SH1045                1045                   200.000      1    1
SH4012                4012                  -100.000      1    1
SH4041                4041                   200.000      1    1
SH4043                4043                   200.000      1    1
SH4046                4046                   100.000      1    1
SH4051                4051                   100.000      1    1
SH4071                4071                  -400.000      1    1

NUMBER OF SYNCHRONOUS MACHINES :   20

machine              at bus                 V            P           Q        delta    sat    island  br
                     excit model          vf(pu)   torque model               Tm(pu)

g1                   g1                   1.0684    600.00026     58.33852    24.08   1.1624       1   1
                     GENERIC1             1.5161   HYDRO_GENERIC1            0.78947
g2                   g2                   1.0565    300.00012     17.23576    20.65   1.1445       1   1
                     GENERIC1             1.3365   HYDRO_GENERIC1            0.52632
g3                   g3                   1.0595    550.00037     20.91335    33.66   1.1499       1   1
                     GENERIC1             1.4778   HYDRO_GENERIC1            0.82707
g4                   g4                   1.0339    400.00009     30.39022    29.10   1.1309       1   1
                     GENERIC1             1.4018   HYDRO_GENERIC1            0.70175
g5                   g5                   1.0294    199.99984     60.08785    10.18   1.1510       1   1
                     GENERIC1             1.6709   HYDRO_GENERIC1            0.84210
g6                   g6                   1.0084    360.00099    138.57122   -19.87   1.1366       1   1
                     GENERIC1             2.3069   CONSTANT                  0.76923
g7                   g7                   1.0141    180.00085     60.41937   -28.47   1.1369       1   1
                     GENERIC1             2.2481   CONSTANT                  0.76923
g8                   g8                   1.0498    749.99976    232.59230     6.42   1.1739       1   1
                     GENERIC1             1.7755   HYDRO_GENERIC1            0.92879
g9                   g9                   0.9988    668.49992    201.27378    19.17   1.1223       1   1
                     GENERIC1             1.5243   HYDRO_GENERIC1            0.70368
g10                  g10                  1.0157    599.99975    255.70412    21.92   1.1492       1   1
                     GENERIC1             1.7162   HYDRO_GENERIC1            0.78947
g11                  g11                  1.0211    249.99985     60.72551    -4.81   1.1404       1   1
                     GENERIC1             1.6400   HYDRO_GENERIC1            0.87719
g12                  g12                  1.0200    309.99984     98.33707    -7.30   1.1497       1   1
                     GENERIC1             1.7530   HYDRO_GENERIC1            0.93233
g13                  g13                  1.0170      0.00000     50.11776   -54.30   1.1279       1   1
                     GENERIC1             1.4048   CONSTANT                  0.00000
g14                  g14                  1.0454    630.00185    295.85189   -14.06   1.1743       1   1
                     GENERIC1             2.4196   CONSTANT                  0.76923
g15                  g15                  1.0455   1080.00481    377.89810   -13.69   1.1633       1   1
                     GENERIC1             2.2722   CONSTANT                  0.76923
g16                  g16                  1.0531    599.99950    222.62338   -27.42   1.1699       1   1
                     GENERIC1             2.2350   CONSTANT                  0.73260
g17                  g17                  1.0092    530.00024     48.72536     3.24   1.1165       1   1
                     GENERIC1             2.0972   CONSTANT                  0.82813
g18                  g18                  1.0307   1059.99981    293.43077     2.77   1.1538       1   1
                     GENERIC1             2.5631   CONSTANT                  0.98148
g19                  g19                  1.0300    300.00004    121.23607    17.29   1.1494       1   1
                     GENERIC1             1.5769   HYDRO_GENERIC1            0.63158
g20                  g20                  1.0185   2137.39504    377.37527    15.58   1.1218       1   1
                     GENERIC1             1.3293   HYDRO_GENERIC1            0.49998

NUMBER OF INJECTORS :       23

model name         injector name        at bus                  V            P            Q

vfd_load             L_11                 11                  1.0026   -199.99976    -68.79832
vfd_load             L_12                 12                  0.9975   -300.00025    -83.80302
vfd_load             L_13                 13                  0.9957   -100.00003    -34.40063
vfd_load             L_22                 22                  0.9952   -280.00016    -79.89891
vfd_load             L_01                 1                   0.9988   -600.00168   -148.19829
vfd_load             L_02                 2                   1.0012   -329.99993    -70.99587
vfd_load             L_03                 3                   0.9974   -259.99629    -83.79783
vfd_load             L_04                 4                   0.9996   -839.99400   -251.99411
vfd_load             L_05                 5                   0.9961   -719.99120   -190.39954
vfd_load             L_31                 31                  1.0042    -99.99988    -24.70144
vfd_load             L_32                 32                  0.9978   -200.00009    -39.59976
vfd_load             L_41                 41                  0.9967   -539.99918   -131.40144
vfd_load             L_42                 42                  0.9952   -399.99684   -127.39741
vfd_load             L_43                 43                  1.0013   -900.01528   -254.59583
vfd_load             L_46                 46                  0.9990   -700.00310   -211.80141
vfd_load             L_47                 47                  0.9950    -99.99952    -44.00074
vfd_load             L_51                 51                  0.9978   -800.00524   -258.19626
vfd_load             L_61                 61                  0.9949   -499.99183   -122.50276
vfd_load             L_62                 62                  1.0002   -299.99986    -83.79860
vfd_load             L_63                 63                  0.9992   -589.99959   -264.59634
vfd_load             L_71                 71                  1.0028   -299.99987    -83.80302
vfd_load             L_72                 72                  0.9974  -2000.00072   -396.12016
VFAULT               VFAULT               g1                  1.0684      0.00000      0.00000

NUMBER OF TWO-PORTS :        0


NUMBER OF IMPEDANCE LOADS :     0  (M_ type:     0 )

