
8888888b.         d8888 888b     d888  .d8888b.  8888888888 .d8888b.  
888   Y88b       d88888 8888b   d8888 d88P  Y88b 888       d88P  Y88b 
888    888      d88P888 88888b.d88888 Y88b.      888       Y88b.      
888   d88P     d88P 888 888Y88888P888  "Y888b.   8888888    "Y888b.   
8888888P"     d88P  888 888 Y888P 888     "Y88b. 888           "Y88b. 
888 T88b     d88P   888 888  Y8P  888       "888 888             "888 
888  T88b   d8888888888 888   "   888 Y88b  d88P 888       Y88b  d88P 
888   T88b d88P     888 888       888  "Y8888P"  8888888888 "Y8888P" 

RApid Multithreaded Simulation of Electric power Systems
Version:  3.39 (Full Version)

(c) University of Liege, Belgium
Execution time: 16:02 22/07/2019



SOLVER SETTINGS :
   Using fully decomposed Scheme
   Updating Jacobian only locally, whenever possible
   Skipping Newton solution of converged components
   Using COI reference frame
   Variation of x in Jacobian computation : max( 0.1000E-04 |x|, 0.1000E-04)
   Tolerance on network equations in pu (system base) :  0.1000E-02 pu
   Tolerance on injector equations (absolute, relative) :  0.1000E-03 pu,  0.1000E-03 pu


**Run-time observable refresh rate:     1.00s**


**Parallel computing activated (threads: 2 -- scheduling: DYNAMIC -- chunk_injs:   10  -- chunk_dctls:   12  -- chunk_subs:    1)**
 
Pausing at      150.000
MESSAGE FROM add_disturb: 
PyRAMSES: Adding disturbance      150.010000 CHGPRM TOR g6 Tm0 0.014580308538495124 0
MESSAGE FROM add_disturb: 
PyRAMSES: Adding disturbance      150.010000 CHGPRM TOR g7 Tm0 0.007290154269247562 0
MESSAGE FROM add_disturb: 
PyRAMSES: Adding disturbance      150.010000 CHGPRM TOR g14 Tm0 0.025515539942366466 0
MESSAGE FROM add_disturb: 
PyRAMSES: Adding disturbance      150.010000 CHGPRM TOR g15 Tm0 0.04374092561548537 0
MESSAGE FROM add_disturb: 
PyRAMSES: Adding disturbance      150.010000 CHGPRM TOR g16 Tm0 0.025515539942366466 0
Pausing at      151.000
MESSAGE FROM add_disturb: 
PyRAMSES: Adding disturbance      151.010000 CHGPRM TOR g6 Tm0 0.013180641484542172 0
MESSAGE FROM add_disturb: 
PyRAMSES: Adding disturbance      151.010000 CHGPRM TOR g7 Tm0 0.006590320742271086 0
MESSAGE FROM add_disturb: 
PyRAMSES: Adding disturbance      151.010000 CHGPRM TOR g14 Tm0 0.0230661225979488 0
MESSAGE FROM add_disturb: 
PyRAMSES: Adding disturbance      151.010000 CHGPRM TOR g15 Tm0 0.03954192445362652 0
MESSAGE FROM add_disturb: 
PyRAMSES: Adding disturbance      151.010000 CHGPRM TOR g16 Tm0 0.0230661225979488 0
Pausing at      152.000
MESSAGE FROM add_disturb: 
PyRAMSES: Adding disturbance      152.010000 CHGPRM TOR g6 Tm0 0.010504018109163574 0
MESSAGE FROM add_disturb: 
PyRAMSES: Adding disturbance      152.010000 CHGPRM TOR g7 Tm0 0.005252009054581787 0
MESSAGE FROM add_disturb: 
PyRAMSES: Adding disturbance      152.010000 CHGPRM TOR g14 Tm0 0.018382031691036256 0
MESSAGE FROM add_disturb: 
PyRAMSES: Adding disturbance      152.010000 CHGPRM TOR g15 Tm0 0.03151205432749073 0
MESSAGE FROM add_disturb: 
PyRAMSES: Adding disturbance      152.010000 CHGPRM TOR g16 Tm0 0.018382031691036256 0
Pausing at      153.000
MESSAGE FROM add_disturb: 
PyRAMSES: Adding disturbance      153.010000 CHGPRM TOR g6 Tm0 0.00765936406401967 0
MESSAGE FROM add_disturb: 
PyRAMSES: Adding disturbance      153.010000 CHGPRM TOR g7 Tm0 0.003829682032009835 0
MESSAGE FROM add_disturb: 
PyRAMSES: Adding disturbance      153.010000 CHGPRM TOR g14 Tm0 0.013403887112034423 0
MESSAGE FROM add_disturb: 
PyRAMSES: Adding disturbance      153.010000 CHGPRM TOR g15 Tm0 0.02297809219205901 0
MESSAGE FROM add_disturb: 
PyRAMSES: Adding disturbance      153.010000 CHGPRM TOR g16 Tm0 0.013403887112034423 0
Pausing at      154.000
MESSAGE FROM add_disturb: 
PyRAMSES: Adding disturbance      154.010000 CHGPRM TOR g6 Tm0 0.004945433956178179 0
MESSAGE FROM add_disturb: 
PyRAMSES: Adding disturbance      154.010000 CHGPRM TOR g7 Tm0 0.0024727169780890896 0
MESSAGE FROM add_disturb: 
PyRAMSES: Adding disturbance      154.010000 CHGPRM TOR g14 Tm0 0.008654509423311814 0
MESSAGE FROM add_disturb: 
PyRAMSES: Adding disturbance      154.010000 CHGPRM TOR g15 Tm0 0.014836301868534537 0
MESSAGE FROM add_disturb: 
PyRAMSES: Adding disturbance      154.010000 CHGPRM TOR g16 Tm0 0.008654509423311814 0
Pausing at      155.000
MESSAGE FROM add_disturb: 
PyRAMSES: Adding disturbance      155.010000 CHGPRM TOR g6 Tm0 0.0026356020216497943 0
MESSAGE FROM add_disturb: 
PyRAMSES: Adding disturbance      155.010000 CHGPRM TOR g7 Tm0 0.0013178010108248971 0
MESSAGE FROM add_disturb: 
PyRAMSES: Adding disturbance      155.010000 CHGPRM TOR g14 Tm0 0.00461230353788714 0
MESSAGE FROM add_disturb: 
PyRAMSES: Adding disturbance      155.010000 CHGPRM TOR g15 Tm0 0.007906806064949383 0
MESSAGE FROM add_disturb: 
PyRAMSES: Adding disturbance      155.010000 CHGPRM TOR g16 Tm0 0.00461230353788714 0
Pausing at      156.000
MESSAGE FROM add_disturb: 
PyRAMSES: Adding disturbance      156.010000 CHGPRM TOR g6 Tm0 0.0009392754533623455 0
MESSAGE FROM add_disturb: 
PyRAMSES: Adding disturbance      156.010000 CHGPRM TOR g7 Tm0 0.00046963772668117277 0
MESSAGE FROM add_disturb: 
PyRAMSES: Adding disturbance      156.010000 CHGPRM TOR g14 Tm0 0.0016437320433841046 0
MESSAGE FROM add_disturb: 
PyRAMSES: Adding disturbance      156.010000 CHGPRM TOR g15 Tm0 0.0028178263600870364 0
MESSAGE FROM add_disturb: 
PyRAMSES: Adding disturbance      156.010000 CHGPRM TOR g16 Tm0 0.0016437320433841046 0
Pausing at      157.000
MESSAGE FROM add_disturb: 
PyRAMSES: Adding disturbance      157.010000 CHGPRM TOR g6 Tm0 -0.00032028742070099866 0
MESSAGE FROM add_disturb: 
PyRAMSES: Adding disturbance      157.010000 CHGPRM TOR g7 Tm0 -0.00016014371035049933 0
MESSAGE FROM add_disturb: 
PyRAMSES: Adding disturbance      157.010000 CHGPRM TOR g14 Tm0 -0.0005605029862267477 0
MESSAGE FROM add_disturb: 
PyRAMSES: Adding disturbance      157.010000 CHGPRM TOR g15 Tm0 -0.000960862262102996 0
MESSAGE FROM add_disturb: 
PyRAMSES: Adding disturbance      157.010000 CHGPRM TOR g16 Tm0 -0.0005605029862267477 0
Pausing at      158.000
MESSAGE FROM add_disturb: 
PyRAMSES: Adding disturbance      158.010000 CHGPRM TOR g6 Tm0 -0.0009622148698297668 0
MESSAGE FROM add_disturb: 
PyRAMSES: Adding disturbance      158.010000 CHGPRM TOR g7 Tm0 -0.0004811074349148834 0
MESSAGE FROM add_disturb: 
PyRAMSES: Adding disturbance      158.010000 CHGPRM TOR g14 Tm0 -0.001683876022202092 0
MESSAGE FROM add_disturb: 
PyRAMSES: Adding disturbance      158.010000 CHGPRM TOR g15 Tm0 -0.0028866446094893005 0
MESSAGE FROM add_disturb: 
PyRAMSES: Adding disturbance      158.010000 CHGPRM TOR g16 Tm0 -0.001683876022202092 0
Pausing at      159.000
MESSAGE FROM add_disturb: 
PyRAMSES: Adding disturbance      159.010000 CHGPRM TOR g6 Tm0 -0.0013367030786992891 0
MESSAGE FROM add_disturb: 
PyRAMSES: Adding disturbance      159.010000 CHGPRM TOR g7 Tm0 -0.0006683515393496446 0
MESSAGE FROM add_disturb: 
PyRAMSES: Adding disturbance      159.010000 CHGPRM TOR g14 Tm0 -0.002339230387723756 0
MESSAGE FROM add_disturb: 
PyRAMSES: Adding disturbance      159.010000 CHGPRM TOR g15 Tm0 -0.004010109236097867 0
MESSAGE FROM add_disturb: 
PyRAMSES: Adding disturbance      159.010000 CHGPRM TOR g16 Tm0 -0.002339230387723756 0
Pausing at      160.000
MESSAGE FROM add_disturb: 
PyRAMSES: Adding disturbance      160.010000 CHGPRM TOR g6 Tm0 -0.0013023044901158132 0
MESSAGE FROM add_disturb: 
PyRAMSES: Adding disturbance      160.010000 CHGPRM TOR g7 Tm0 -0.0006511522450579066 0
MESSAGE FROM add_disturb: 
PyRAMSES: Adding disturbance      160.010000 CHGPRM TOR g14 Tm0 -0.002279032857702673 0
MESSAGE FROM add_disturb: 
PyRAMSES: Adding disturbance      160.010000 CHGPRM TOR g15 Tm0 -0.0039069134703474395 0
MESSAGE FROM add_disturb: 
PyRAMSES: Adding disturbance      160.010000 CHGPRM TOR g16 Tm0 -0.002279032857702673 0
Pausing at      161.000
MESSAGE FROM add_disturb: 
PyRAMSES: Adding disturbance      161.010000 CHGPRM TOR g6 Tm0 -0.0011841166784420489 0
MESSAGE FROM add_disturb: 
PyRAMSES: Adding disturbance      161.010000 CHGPRM TOR g7 Tm0 -0.0005920583392210244 0
MESSAGE FROM add_disturb: 
PyRAMSES: Adding disturbance      161.010000 CHGPRM TOR g14 Tm0 -0.0020722041872735858 0
MESSAGE FROM add_disturb: 
PyRAMSES: Adding disturbance      161.010000 CHGPRM TOR g15 Tm0 -0.0035523500353261466 0
MESSAGE FROM add_disturb: 
PyRAMSES: Adding disturbance      161.010000 CHGPRM TOR g16 Tm0 -0.0020722041872735858 0
Pausing at      162.000
MESSAGE FROM add_disturb: 
PyRAMSES: Adding disturbance      162.010000 CHGPRM TOR g6 Tm0 -0.0008738893948759846 0
MESSAGE FROM add_disturb: 
PyRAMSES: Adding disturbance      162.010000 CHGPRM TOR g7 Tm0 -0.0004369446974379923 0
MESSAGE FROM add_disturb: 
PyRAMSES: Adding disturbance      162.010000 CHGPRM TOR g14 Tm0 -0.0015293064410329732 0
MESSAGE FROM add_disturb: 
PyRAMSES: Adding disturbance      162.010000 CHGPRM TOR g15 Tm0 -0.002621668184627954 0
MESSAGE FROM add_disturb: 
PyRAMSES: Adding disturbance      162.010000 CHGPRM TOR g16 Tm0 -0.0015293064410329732 0
Pausing at      163.000
MESSAGE FROM add_disturb: 
PyRAMSES: Adding disturbance      163.010000 CHGPRM TOR g6 Tm0 -0.0005957988495154748 0
MESSAGE FROM add_disturb: 
PyRAMSES: Adding disturbance      163.010000 CHGPRM TOR g7 Tm0 -0.0002978994247577374 0
MESSAGE FROM add_disturb: 
PyRAMSES: Adding disturbance      163.010000 CHGPRM TOR g14 Tm0 -0.0010426479866520808 0
MESSAGE FROM add_disturb: 
PyRAMSES: Adding disturbance      163.010000 CHGPRM TOR g15 Tm0 -0.0017873965485464246 0
MESSAGE FROM add_disturb: 
PyRAMSES: Adding disturbance      163.010000 CHGPRM TOR g16 Tm0 -0.0010426479866520808 0
Pausing at      164.000
MESSAGE FROM add_disturb: 
PyRAMSES: Adding disturbance      164.010000 CHGPRM TOR g6 Tm0 -0.00026836568499138686 0
MESSAGE FROM add_disturb: 
PyRAMSES: Adding disturbance      164.010000 CHGPRM TOR g7 Tm0 -0.00013418284249569343 0
MESSAGE FROM add_disturb: 
PyRAMSES: Adding disturbance      164.010000 CHGPRM TOR g14 Tm0 -0.000469639948734927 0
MESSAGE FROM add_disturb: 
PyRAMSES: Adding disturbance      164.010000 CHGPRM TOR g15 Tm0 -0.0008050970549741606 0
MESSAGE FROM add_disturb: 
PyRAMSES: Adding disturbance      164.010000 CHGPRM TOR g16 Tm0 -0.000469639948734927 0
Pausing at      165.000
MESSAGE FROM add_disturb: 
PyRAMSES: Adding disturbance      165.010000 CHGPRM TOR g6 Tm0 -1.558800284486017e-05 0
MESSAGE FROM add_disturb: 
PyRAMSES: Adding disturbance      165.010000 CHGPRM TOR g7 Tm0 -7.794001422430086e-06 0
MESSAGE FROM add_disturb: 
PyRAMSES: Adding disturbance      165.010000 CHGPRM TOR g14 Tm0 -2.72790049785053e-05 0
MESSAGE FROM add_disturb: 
PyRAMSES: Adding disturbance      165.010000 CHGPRM TOR g15 Tm0 -4.6764008534580515e-05 0
MESSAGE FROM add_disturb: 
PyRAMSES: Adding disturbance      165.010000 CHGPRM TOR g16 Tm0 -2.72790049785053e-05 0
Pausing at      166.000
MESSAGE FROM add_disturb: 
PyRAMSES: Adding disturbance      166.010000 CHGPRM TOR g6 Tm0 0.00022058692043746555 0
MESSAGE FROM add_disturb: 
PyRAMSES: Adding disturbance      166.010000 CHGPRM TOR g7 Tm0 0.00011029346021873277 0
MESSAGE FROM add_disturb: 
PyRAMSES: Adding disturbance      166.010000 CHGPRM TOR g14 Tm0 0.00038602711076556474 0
MESSAGE FROM add_disturb: 
PyRAMSES: Adding disturbance      166.010000 CHGPRM TOR g15 Tm0 0.0006617607613123966 0
MESSAGE FROM add_disturb: 
PyRAMSES: Adding disturbance      166.010000 CHGPRM TOR g16 Tm0 0.00038602711076556474 0
Pausing at      167.000
MESSAGE FROM add_disturb: 
PyRAMSES: Adding disturbance      167.010000 CHGPRM TOR g6 Tm0 0.0003864423758153712 0
MESSAGE FROM add_disturb: 
PyRAMSES: Adding disturbance      167.010000 CHGPRM TOR g7 Tm0 0.0001932211879076856 0
MESSAGE FROM add_disturb: 
PyRAMSES: Adding disturbance      167.010000 CHGPRM TOR g14 Tm0 0.0006762741576768996 0
MESSAGE FROM add_disturb: 
PyRAMSES: Adding disturbance      167.010000 CHGPRM TOR g15 Tm0 0.0011593271274461135 0
MESSAGE FROM add_disturb: 
PyRAMSES: Adding disturbance      167.010000 CHGPRM TOR g16 Tm0 0.0006762741576768996 0
Pausing at      168.000
MESSAGE FROM add_disturb: 
PyRAMSES: Adding disturbance      168.010000 CHGPRM TOR g6 Tm0 0.00051917406249304 0
MESSAGE FROM add_disturb: 
PyRAMSES: Adding disturbance      168.010000 CHGPRM TOR g7 Tm0 0.00025958703124652 0
MESSAGE FROM add_disturb: 
PyRAMSES: Adding disturbance      168.010000 CHGPRM TOR g14 Tm0 0.00090855460936282 0
MESSAGE FROM add_disturb: 
PyRAMSES: Adding disturbance      168.010000 CHGPRM TOR g15 Tm0 0.0015575221874791199 0
MESSAGE FROM add_disturb: 
PyRAMSES: Adding disturbance      168.010000 CHGPRM TOR g16 Tm0 0.00090855460936282 0
Pausing at      169.000
MESSAGE FROM add_disturb: 
PyRAMSES: Adding disturbance      169.010000 CHGPRM TOR g6 Tm0 0.0006046374854342715 0
MESSAGE FROM add_disturb: 
PyRAMSES: Adding disturbance      169.010000 CHGPRM TOR g7 Tm0 0.0003023187427171358 0
MESSAGE FROM add_disturb: 
PyRAMSES: Adding disturbance      169.010000 CHGPRM TOR g14 Tm0 0.0010581155995099752 0
MESSAGE FROM add_disturb: 
PyRAMSES: Adding disturbance      169.010000 CHGPRM TOR g15 Tm0 0.0018139124563028145 0
MESSAGE FROM add_disturb: 
PyRAMSES: Adding disturbance      169.010000 CHGPRM TOR g16 Tm0 0.0010581155995099752 0
Pausing at      170.000
MESSAGE FROM add_disturb: 
PyRAMSES: Adding disturbance      170.010000 CHGPRM TOR g6 Tm0 0.000662584302511661 0
MESSAGE FROM add_disturb: 
PyRAMSES: Adding disturbance      170.010000 CHGPRM TOR g7 Tm0 0.0003312921512558305 0
MESSAGE FROM add_disturb: 
PyRAMSES: Adding disturbance      170.010000 CHGPRM TOR g14 Tm0 0.001159522529395407 0
MESSAGE FROM add_disturb: 
PyRAMSES: Adding disturbance      170.010000 CHGPRM TOR g15 Tm0 0.001987752907534983 0
MESSAGE FROM add_disturb: 
PyRAMSES: Adding disturbance      170.010000 CHGPRM TOR g16 Tm0 0.001159522529395407 0
Pausing at      171.000
MESSAGE FROM add_disturb: 
PyRAMSES: Adding disturbance      171.010000 CHGPRM TOR g6 Tm0 0.000696711094158188 0
MESSAGE FROM add_disturb: 
PyRAMSES: Adding disturbance      171.010000 CHGPRM TOR g7 Tm0 0.000348355547079094 0
MESSAGE FROM add_disturb: 
PyRAMSES: Adding disturbance      171.010000 CHGPRM TOR g14 Tm0 0.001219244414776829 0
MESSAGE FROM add_disturb: 
PyRAMSES: Adding disturbance      171.010000 CHGPRM TOR g15 Tm0 0.002090133282474564 0
MESSAGE FROM add_disturb: 
PyRAMSES: Adding disturbance      171.010000 CHGPRM TOR g16 Tm0 0.001219244414776829 0
Pausing at      172.000
MESSAGE FROM add_disturb: 
PyRAMSES: Adding disturbance      172.010000 CHGPRM TOR g6 Tm0 0.0007142532243763669 0
MESSAGE FROM add_disturb: 
PyRAMSES: Adding disturbance      172.010000 CHGPRM TOR g7 Tm0 0.00035712661218818343 0
MESSAGE FROM add_disturb: 
PyRAMSES: Adding disturbance      172.010000 CHGPRM TOR g14 Tm0 0.001249943142658642 0
MESSAGE FROM add_disturb: 
PyRAMSES: Adding disturbance      172.010000 CHGPRM TOR g15 Tm0 0.0021427596731291004 0
MESSAGE FROM add_disturb: 
PyRAMSES: Adding disturbance      172.010000 CHGPRM TOR g16 Tm0 0.001249943142658642 0
Pausing at      173.000
MESSAGE FROM add_disturb: 
PyRAMSES: Adding disturbance      173.010000 CHGPRM TOR g6 Tm0 0.0007241111507440029 0
MESSAGE FROM add_disturb: 
PyRAMSES: Adding disturbance      173.010000 CHGPRM TOR g7 Tm0 0.00036205557537200147 0
MESSAGE FROM add_disturb: 
PyRAMSES: Adding disturbance      173.010000 CHGPRM TOR g14 Tm0 0.0012671945138020052 0
MESSAGE FROM add_disturb: 
PyRAMSES: Adding disturbance      173.010000 CHGPRM TOR g15 Tm0 0.002172333452232009 0
MESSAGE FROM add_disturb: 
PyRAMSES: Adding disturbance      173.010000 CHGPRM TOR g16 Tm0 0.0012671945138020052 0
Pausing at      174.000
MESSAGE FROM add_disturb: 
PyRAMSES: Adding disturbance      174.010000 CHGPRM TOR g6 Tm0 0.0007259017710196797 0
MESSAGE FROM add_disturb: 
PyRAMSES: Adding disturbance      174.010000 CHGPRM TOR g7 Tm0 0.00036295088550983984 0
MESSAGE FROM add_disturb: 
PyRAMSES: Adding disturbance      174.010000 CHGPRM TOR g14 Tm0 0.0012703280992844394 0
MESSAGE FROM add_disturb: 
PyRAMSES: Adding disturbance      174.010000 CHGPRM TOR g15 Tm0 0.002177705313059039 0
MESSAGE FROM add_disturb: 
PyRAMSES: Adding disturbance      174.010000 CHGPRM TOR g16 Tm0 0.0012703280992844394 0
Pausing at      175.000
MESSAGE FROM add_disturb: 
PyRAMSES: Adding disturbance      175.010000 CHGPRM TOR g6 Tm0 0.0007282399372160395 0
MESSAGE FROM add_disturb: 
PyRAMSES: Adding disturbance      175.010000 CHGPRM TOR g7 Tm0 0.00036411996860801973 0
MESSAGE FROM add_disturb: 
PyRAMSES: Adding disturbance      175.010000 CHGPRM TOR g14 Tm0 0.001274419890128069 0
MESSAGE FROM add_disturb: 
PyRAMSES: Adding disturbance      175.010000 CHGPRM TOR g15 Tm0 0.0021847198116481184 0
MESSAGE FROM add_disturb: 
PyRAMSES: Adding disturbance      175.010000 CHGPRM TOR g16 Tm0 0.001274419890128069 0
Pausing at      176.000
MESSAGE FROM add_disturb: 
PyRAMSES: Adding disturbance      176.010000 CHGPRM TOR g6 Tm0 0.0007271700862738317 0
MESSAGE FROM add_disturb: 
PyRAMSES: Adding disturbance      176.010000 CHGPRM TOR g7 Tm0 0.00036358504313691584 0
MESSAGE FROM add_disturb: 
PyRAMSES: Adding disturbance      176.010000 CHGPRM TOR g14 Tm0 0.0012725476509792054 0
MESSAGE FROM add_disturb: 
PyRAMSES: Adding disturbance      176.010000 CHGPRM TOR g15 Tm0 0.002181510258821495 0
MESSAGE FROM add_disturb: 
PyRAMSES: Adding disturbance      176.010000 CHGPRM TOR g16 Tm0 0.0012725476509792054 0
Pausing at      177.000
MESSAGE FROM add_disturb: 
PyRAMSES: Adding disturbance      177.010000 CHGPRM TOR g6 Tm0 0.0007291143138648454 0
MESSAGE FROM add_disturb: 
PyRAMSES: Adding disturbance      177.010000 CHGPRM TOR g7 Tm0 0.0003645571569324227 0
MESSAGE FROM add_disturb: 
PyRAMSES: Adding disturbance      177.010000 CHGPRM TOR g14 Tm0 0.0012759500492634795 0
MESSAGE FROM add_disturb: 
PyRAMSES: Adding disturbance      177.010000 CHGPRM TOR g15 Tm0 0.002187342941594536 0
MESSAGE FROM add_disturb: 
PyRAMSES: Adding disturbance      177.010000 CHGPRM TOR g16 Tm0 0.0012759500492634795 0
Pausing at      178.000
MESSAGE FROM add_disturb: 
PyRAMSES: Adding disturbance      178.010000 CHGPRM TOR g6 Tm0 0.0007294719145004236 0
MESSAGE FROM add_disturb: 
PyRAMSES: Adding disturbance      178.010000 CHGPRM TOR g7 Tm0 0.0003647359572502118 0
MESSAGE FROM add_disturb: 
PyRAMSES: Adding disturbance      178.010000 CHGPRM TOR g14 Tm0 0.0012765758503757412 0
MESSAGE FROM add_disturb: 
PyRAMSES: Adding disturbance      178.010000 CHGPRM TOR g15 Tm0 0.002188415743501271 0
MESSAGE FROM add_disturb: 
PyRAMSES: Adding disturbance      178.010000 CHGPRM TOR g16 Tm0 0.0012765758503757412 0
Pausing at      179.000
MESSAGE FROM add_disturb: 
PyRAMSES: Adding disturbance      179.010000 CHGPRM TOR g6 Tm0 0.0007322234947272994 0
MESSAGE FROM add_disturb: 
PyRAMSES: Adding disturbance      179.010000 CHGPRM TOR g7 Tm0 0.0003661117473636497 0
MESSAGE FROM add_disturb: 
PyRAMSES: Adding disturbance      179.010000 CHGPRM TOR g14 Tm0 0.001281391115772774 0
MESSAGE FROM add_disturb: 
PyRAMSES: Adding disturbance      179.010000 CHGPRM TOR g15 Tm0 0.002196670484181898 0
MESSAGE FROM add_disturb: 
PyRAMSES: Adding disturbance      179.010000 CHGPRM TOR g16 Tm0 0.001281391115772774 0
Pausing at      180.000
MESSAGE FROM add_disturb: 
PyRAMSES: Adding disturbance      180.010000 CHGPRM TOR g6 Tm0 0.000733867681709198 0
MESSAGE FROM add_disturb: 
PyRAMSES: Adding disturbance      180.010000 CHGPRM TOR g7 Tm0 0.000366933840854599 0
MESSAGE FROM add_disturb: 
PyRAMSES: Adding disturbance      180.010000 CHGPRM TOR g14 Tm0 0.0012842684429910966 0
MESSAGE FROM add_disturb: 
PyRAMSES: Adding disturbance      180.010000 CHGPRM TOR g15 Tm0 0.0022016030451275943 0
MESSAGE FROM add_disturb: 
PyRAMSES: Adding disturbance      180.010000 CHGPRM TOR g16 Tm0 0.0012842684429910966 0
Pausing at      181.000
MESSAGE FROM add_disturb: 
PyRAMSES: Adding disturbance      181.010000 CHGPRM TOR g6 Tm0 0.0007089203212931883 0
MESSAGE FROM add_disturb: 
PyRAMSES: Adding disturbance      181.010000 CHGPRM TOR g7 Tm0 0.00035446016064659414 0
MESSAGE FROM add_disturb: 
PyRAMSES: Adding disturbance      181.010000 CHGPRM TOR g14 Tm0 0.0012406105622630795 0
MESSAGE FROM add_disturb: 
PyRAMSES: Adding disturbance      181.010000 CHGPRM TOR g15 Tm0 0.002126760963879565 0
MESSAGE FROM add_disturb: 
PyRAMSES: Adding disturbance      181.010000 CHGPRM TOR g16 Tm0 0.0012406105622630795 0
Pausing at      182.000
MESSAGE FROM add_disturb: 
PyRAMSES: Adding disturbance      182.010000 CHGPRM TOR g6 Tm0 0.0005399323138953263 0
MESSAGE FROM add_disturb: 
PyRAMSES: Adding disturbance      182.010000 CHGPRM TOR g7 Tm0 0.00026996615694766316 0
MESSAGE FROM add_disturb: 
PyRAMSES: Adding disturbance      182.010000 CHGPRM TOR g14 Tm0 0.000944881549316821 0
MESSAGE FROM add_disturb: 
PyRAMSES: Adding disturbance      182.010000 CHGPRM TOR g15 Tm0 0.001619796941685979 0
MESSAGE FROM add_disturb: 
PyRAMSES: Adding disturbance      182.010000 CHGPRM TOR g16 Tm0 0.000944881549316821 0
Pausing at      183.000
MESSAGE FROM add_disturb: 
PyRAMSES: Adding disturbance      183.010000 CHGPRM TOR g6 Tm0 0.0001267304771218461 0
MESSAGE FROM add_disturb: 
PyRAMSES: Adding disturbance      183.010000 CHGPRM TOR g7 Tm0 6.336523856092305e-05 0
MESSAGE FROM add_disturb: 
PyRAMSES: Adding disturbance      183.010000 CHGPRM TOR g14 Tm0 0.00022177833496323069 0
MESSAGE FROM add_disturb: 
PyRAMSES: Adding disturbance      183.010000 CHGPRM TOR g15 Tm0 0.00038019143136553833 0
MESSAGE FROM add_disturb: 
PyRAMSES: Adding disturbance      183.010000 CHGPRM TOR g16 Tm0 0.00022177833496323069 0
Pausing at      184.000
MESSAGE FROM add_disturb: 
PyRAMSES: Adding disturbance      184.010000 CHGPRM TOR g6 Tm0 -0.00028216571444519974 0
MESSAGE FROM add_disturb: 
PyRAMSES: Adding disturbance      184.010000 CHGPRM TOR g7 Tm0 -0.00014108285722259987 0
MESSAGE FROM add_disturb: 
PyRAMSES: Adding disturbance      184.010000 CHGPRM TOR g14 Tm0 -0.0004937900002790996 0
MESSAGE FROM add_disturb: 
PyRAMSES: Adding disturbance      184.010000 CHGPRM TOR g15 Tm0 -0.0008464971433355992 0
MESSAGE FROM add_disturb: 
PyRAMSES: Adding disturbance      184.010000 CHGPRM TOR g16 Tm0 -0.0004937900002790996 0
Pausing at      185.000
MESSAGE FROM add_disturb: 
PyRAMSES: Adding disturbance      185.010000 CHGPRM TOR g6 Tm0 -0.000610540927075097 0
MESSAGE FROM add_disturb: 
PyRAMSES: Adding disturbance      185.010000 CHGPRM TOR g7 Tm0 -0.0003052704635375485 0
MESSAGE FROM add_disturb: 
PyRAMSES: Adding disturbance      185.010000 CHGPRM TOR g14 Tm0 -0.0010684466223814199 0
MESSAGE FROM add_disturb: 
PyRAMSES: Adding disturbance      185.010000 CHGPRM TOR g15 Tm0 -0.0018316227812252913 0
MESSAGE FROM add_disturb: 
PyRAMSES: Adding disturbance      185.010000 CHGPRM TOR g16 Tm0 -0.0010684466223814199 0
Pausing at      186.000
MESSAGE FROM add_disturb: 
PyRAMSES: Adding disturbance      186.010000 CHGPRM TOR g6 Tm0 -0.0005740522631590597 0
MESSAGE FROM add_disturb: 
PyRAMSES: Adding disturbance      186.010000 CHGPRM TOR g7 Tm0 -0.00028702613157952984 0
MESSAGE FROM add_disturb: 
PyRAMSES: Adding disturbance      186.010000 CHGPRM TOR g14 Tm0 -0.0010045914605283544 0
MESSAGE FROM add_disturb: 
PyRAMSES: Adding disturbance      186.010000 CHGPRM TOR g15 Tm0 -0.001722156789477179 0
MESSAGE FROM add_disturb: 
PyRAMSES: Adding disturbance      186.010000 CHGPRM TOR g16 Tm0 -0.0010045914605283544 0
Pausing at      187.000
MESSAGE FROM add_disturb: 
PyRAMSES: Adding disturbance      187.010000 CHGPRM TOR g6 Tm0 -0.00043197950711739016 0
MESSAGE FROM add_disturb: 
PyRAMSES: Adding disturbance      187.010000 CHGPRM TOR g7 Tm0 -0.00021598975355869508 0
MESSAGE FROM add_disturb: 
PyRAMSES: Adding disturbance      187.010000 CHGPRM TOR g14 Tm0 -0.0007559641374554328 0
MESSAGE FROM add_disturb: 
PyRAMSES: Adding disturbance      187.010000 CHGPRM TOR g15 Tm0 -0.0012959385213521706 0
MESSAGE FROM add_disturb: 
PyRAMSES: Adding disturbance      187.010000 CHGPRM TOR g16 Tm0 -0.0007559641374554328 0
Pausing at      188.000
MESSAGE FROM add_disturb: 
PyRAMSES: Adding disturbance      188.010000 CHGPRM TOR g6 Tm0 -0.00018756276535662612 0
MESSAGE FROM add_disturb: 
PyRAMSES: Adding disturbance      188.010000 CHGPRM TOR g7 Tm0 -9.378138267831306e-05 0
MESSAGE FROM add_disturb: 
PyRAMSES: Adding disturbance      188.010000 CHGPRM TOR g14 Tm0 -0.0003282348393740957 0
MESSAGE FROM add_disturb: 
PyRAMSES: Adding disturbance      188.010000 CHGPRM TOR g15 Tm0 -0.0005626882960698783 0
MESSAGE FROM add_disturb: 
PyRAMSES: Adding disturbance      188.010000 CHGPRM TOR g16 Tm0 -0.0003282348393740957 0
Pausing at      189.000
MESSAGE FROM add_disturb: 
PyRAMSES: Adding disturbance      189.010000 CHGPRM TOR g6 Tm0 7.597818260572794e-05 0
MESSAGE FROM add_disturb: 
PyRAMSES: Adding disturbance      189.010000 CHGPRM TOR g7 Tm0 3.798909130286397e-05 0
MESSAGE FROM add_disturb: 
PyRAMSES: Adding disturbance      189.010000 CHGPRM TOR g14 Tm0 0.0001329618195600239 0
MESSAGE FROM add_disturb: 
PyRAMSES: Adding disturbance      189.010000 CHGPRM TOR g15 Tm0 0.00022793454781718382 0
MESSAGE FROM add_disturb: 
PyRAMSES: Adding disturbance      189.010000 CHGPRM TOR g16 Tm0 0.0001329618195600239 0
Pausing at      190.000
MESSAGE FROM add_disturb: 
PyRAMSES: Adding disturbance      190.010000 CHGPRM TOR g6 Tm0 0.000305344599444958 0
MESSAGE FROM add_disturb: 
PyRAMSES: Adding disturbance      190.010000 CHGPRM TOR g7 Tm0 0.000152672299722479 0
MESSAGE FROM add_disturb: 
PyRAMSES: Adding disturbance      190.010000 CHGPRM TOR g14 Tm0 0.0005343530490286765 0
MESSAGE FROM add_disturb: 
PyRAMSES: Adding disturbance      190.010000 CHGPRM TOR g15 Tm0 0.000916033798334874 0
MESSAGE FROM add_disturb: 
PyRAMSES: Adding disturbance      190.010000 CHGPRM TOR g16 Tm0 0.0005343530490286765 0
Pausing at      191.000
MESSAGE FROM add_disturb: 
PyRAMSES: Adding disturbance      191.010000 CHGPRM TOR g6 Tm0 0.0004959009573093795 0
MESSAGE FROM add_disturb: 
PyRAMSES: Adding disturbance      191.010000 CHGPRM TOR g7 Tm0 0.00024795047865468976 0
MESSAGE FROM add_disturb: 
PyRAMSES: Adding disturbance      191.010000 CHGPRM TOR g14 Tm0 0.0008678266752914142 0
MESSAGE FROM add_disturb: 
PyRAMSES: Adding disturbance      191.010000 CHGPRM TOR g15 Tm0 0.0014877028719281387 0
MESSAGE FROM add_disturb: 
PyRAMSES: Adding disturbance      191.010000 CHGPRM TOR g16 Tm0 0.0008678266752914142 0
Pausing at      192.000
MESSAGE FROM add_disturb: 
PyRAMSES: Adding disturbance      192.010000 CHGPRM TOR g6 Tm0 0.0005016889799837512 0
MESSAGE FROM add_disturb: 
PyRAMSES: Adding disturbance      192.010000 CHGPRM TOR g7 Tm0 0.0002508444899918756 0
MESSAGE FROM add_disturb: 
PyRAMSES: Adding disturbance      192.010000 CHGPRM TOR g14 Tm0 0.0008779557149715645 0
MESSAGE FROM add_disturb: 
PyRAMSES: Adding disturbance      192.010000 CHGPRM TOR g15 Tm0 0.0015050669399512535 0
MESSAGE FROM add_disturb: 
PyRAMSES: Adding disturbance      192.010000 CHGPRM TOR g16 Tm0 0.0008779557149715645 0
Pausing at      193.000
MESSAGE FROM add_disturb: 
PyRAMSES: Adding disturbance      193.010000 CHGPRM TOR g6 Tm0 0.0005416490527126839 0
MESSAGE FROM add_disturb: 
PyRAMSES: Adding disturbance      193.010000 CHGPRM TOR g7 Tm0 0.00027082452635634194 0
MESSAGE FROM add_disturb: 
PyRAMSES: Adding disturbance      193.010000 CHGPRM TOR g14 Tm0 0.0009478858422471968 0
MESSAGE FROM add_disturb: 
PyRAMSES: Adding disturbance      193.010000 CHGPRM TOR g15 Tm0 0.0016249471581380515 0
MESSAGE FROM add_disturb: 
PyRAMSES: Adding disturbance      193.010000 CHGPRM TOR g16 Tm0 0.0009478858422471968 0
Pausing at      194.000
MESSAGE FROM add_disturb: 
PyRAMSES: Adding disturbance      194.010000 CHGPRM TOR g6 Tm0 0.0003754576818676928 0
MESSAGE FROM add_disturb: 
PyRAMSES: Adding disturbance      194.010000 CHGPRM TOR g7 Tm0 0.0001877288409338464 0
MESSAGE FROM add_disturb: 
PyRAMSES: Adding disturbance      194.010000 CHGPRM TOR g14 Tm0 0.0006570509432684624 0
MESSAGE FROM add_disturb: 
PyRAMSES: Adding disturbance      194.010000 CHGPRM TOR g15 Tm0 0.0011263730456030783 0
MESSAGE FROM add_disturb: 
PyRAMSES: Adding disturbance      194.010000 CHGPRM TOR g16 Tm0 0.0006570509432684624 0
Pausing at      195.000
MESSAGE FROM add_disturb: 
PyRAMSES: Adding disturbance      195.010000 CHGPRM TOR g6 Tm0 0.0002436497340731994 0
MESSAGE FROM add_disturb: 
PyRAMSES: Adding disturbance      195.010000 CHGPRM TOR g7 Tm0 0.0001218248670365997 0
MESSAGE FROM add_disturb: 
PyRAMSES: Adding disturbance      195.010000 CHGPRM TOR g14 Tm0 0.0004263870346280989 0
MESSAGE FROM add_disturb: 
PyRAMSES: Adding disturbance      195.010000 CHGPRM TOR g15 Tm0 0.0007309492022195981 0
MESSAGE FROM add_disturb: 
PyRAMSES: Adding disturbance      195.010000 CHGPRM TOR g16 Tm0 0.0004263870346280989 0
Pausing at      196.000
MESSAGE FROM add_disturb: 
PyRAMSES: Adding disturbance      196.010000 CHGPRM TOR g6 Tm0 0.0002278986413017062 0
MESSAGE FROM add_disturb: 
PyRAMSES: Adding disturbance      196.010000 CHGPRM TOR g7 Tm0 0.0001139493206508531 0
MESSAGE FROM add_disturb: 
PyRAMSES: Adding disturbance      196.010000 CHGPRM TOR g14 Tm0 0.0003988226222779858 0
MESSAGE FROM add_disturb: 
PyRAMSES: Adding disturbance      196.010000 CHGPRM TOR g15 Tm0 0.0006836959239051185 0
MESSAGE FROM add_disturb: 
PyRAMSES: Adding disturbance      196.010000 CHGPRM TOR g16 Tm0 0.0003988226222779858 0
Pausing at      197.000
MESSAGE FROM add_disturb: 
PyRAMSES: Adding disturbance      197.010000 CHGPRM TOR g6 Tm0 0.00025855971986195607 0
MESSAGE FROM add_disturb: 
PyRAMSES: Adding disturbance      197.010000 CHGPRM TOR g7 Tm0 0.00012927985993097804 0
MESSAGE FROM add_disturb: 
PyRAMSES: Adding disturbance      197.010000 CHGPRM TOR g14 Tm0 0.0004524795097584231 0
MESSAGE FROM add_disturb: 
PyRAMSES: Adding disturbance      197.010000 CHGPRM TOR g15 Tm0 0.0007756791595858682 0
MESSAGE FROM add_disturb: 
PyRAMSES: Adding disturbance      197.010000 CHGPRM TOR g16 Tm0 0.0004524795097584231 0
Pausing at      198.000
MESSAGE FROM add_disturb: 
PyRAMSES: Adding disturbance      198.010000 CHGPRM TOR g6 Tm0 0.00034028839024512897 0
MESSAGE FROM add_disturb: 
PyRAMSES: Adding disturbance      198.010000 CHGPRM TOR g7 Tm0 0.00017014419512256448 0
MESSAGE FROM add_disturb: 
PyRAMSES: Adding disturbance      198.010000 CHGPRM TOR g14 Tm0 0.0005955046829289757 0
MESSAGE FROM add_disturb: 
PyRAMSES: Adding disturbance      198.010000 CHGPRM TOR g15 Tm0 0.001020865170735387 0
MESSAGE FROM add_disturb: 
PyRAMSES: Adding disturbance      198.010000 CHGPRM TOR g16 Tm0 0.0005955046829289757 0
Pausing at      199.000
MESSAGE FROM add_disturb: 
PyRAMSES: Adding disturbance      199.010000 CHGPRM TOR g6 Tm0 0.0004184987787650224 0
MESSAGE FROM add_disturb: 
PyRAMSES: Adding disturbance      199.010000 CHGPRM TOR g7 Tm0 0.0002092493893825112 0
MESSAGE FROM add_disturb: 
PyRAMSES: Adding disturbance      199.010000 CHGPRM TOR g14 Tm0 0.0007323728628387893 0
MESSAGE FROM add_disturb: 
PyRAMSES: Adding disturbance      199.010000 CHGPRM TOR g15 Tm0 0.0012554963362950674 0
MESSAGE FROM add_disturb: 
PyRAMSES: Adding disturbance      199.010000 CHGPRM TOR g16 Tm0 0.0007323728628387893 0
Pausing at      200.000
MESSAGE FROM add_disturb: 
PyRAMSES: Adding disturbance      200.010000 CHGPRM TOR g6 Tm0 0.0005041261640740147 0
MESSAGE FROM add_disturb: 
PyRAMSES: Adding disturbance      200.010000 CHGPRM TOR g7 Tm0 0.00025206308203700736 0
MESSAGE FROM add_disturb: 
PyRAMSES: Adding disturbance      200.010000 CHGPRM TOR g14 Tm0 0.0008822207871295258 0
MESSAGE FROM add_disturb: 
PyRAMSES: Adding disturbance      200.010000 CHGPRM TOR g15 Tm0 0.0015123784922220441 0
MESSAGE FROM add_disturb: 
PyRAMSES: Adding disturbance      200.010000 CHGPRM TOR g16 Tm0 0.0008822207871295258 0
Pausing at      201.000
MESSAGE FROM add_disturb: 
PyRAMSES: Adding disturbance      201.010000 CHGPRM TOR g6 Tm0 0.0005661326646476381 0
MESSAGE FROM add_disturb: 
PyRAMSES: Adding disturbance      201.010000 CHGPRM TOR g7 Tm0 0.0002830663323238191 0
MESSAGE FROM add_disturb: 
PyRAMSES: Adding disturbance      201.010000 CHGPRM TOR g14 Tm0 0.0009907321631333669 0
MESSAGE FROM add_disturb: 
PyRAMSES: Adding disturbance      201.010000 CHGPRM TOR g15 Tm0 0.0016983979939429144 0
MESSAGE FROM add_disturb: 
PyRAMSES: Adding disturbance      201.010000 CHGPRM TOR g16 Tm0 0.0009907321631333669 0
Pausing at      202.000
MESSAGE FROM add_disturb: 
PyRAMSES: Adding disturbance      202.010000 CHGPRM TOR g6 Tm0 0.0006170475052238403 0
MESSAGE FROM add_disturb: 
PyRAMSES: Adding disturbance      202.010000 CHGPRM TOR g7 Tm0 0.00030852375261192016 0
MESSAGE FROM add_disturb: 
PyRAMSES: Adding disturbance      202.010000 CHGPRM TOR g14 Tm0 0.0010798331341417206 0
MESSAGE FROM add_disturb: 
PyRAMSES: Adding disturbance      202.010000 CHGPRM TOR g15 Tm0 0.001851142515671521 0
MESSAGE FROM add_disturb: 
PyRAMSES: Adding disturbance      202.010000 CHGPRM TOR g16 Tm0 0.0010798331341417206 0
Pausing at      203.000
MESSAGE FROM add_disturb: 
PyRAMSES: Adding disturbance      203.010000 CHGPRM TOR g6 Tm0 0.0006450590584277799 0
MESSAGE FROM add_disturb: 
PyRAMSES: Adding disturbance      203.010000 CHGPRM TOR g7 Tm0 0.00032252952921388994 0
MESSAGE FROM add_disturb: 
PyRAMSES: Adding disturbance      203.010000 CHGPRM TOR g14 Tm0 0.0011288533522486148 0
MESSAGE FROM add_disturb: 
PyRAMSES: Adding disturbance      203.010000 CHGPRM TOR g15 Tm0 0.0019351771752833397 0
MESSAGE FROM add_disturb: 
PyRAMSES: Adding disturbance      203.010000 CHGPRM TOR g16 Tm0 0.0011288533522486148 0
Pausing at      204.000
MESSAGE FROM add_disturb: 
PyRAMSES: Adding disturbance      204.010000 CHGPRM TOR g6 Tm0 0.0006598251989847689 0
MESSAGE FROM add_disturb: 
PyRAMSES: Adding disturbance      204.010000 CHGPRM TOR g7 Tm0 0.00032991259949238447 0
MESSAGE FROM add_disturb: 
PyRAMSES: Adding disturbance      204.010000 CHGPRM TOR g14 Tm0 0.0011546940982233456 0
MESSAGE FROM add_disturb: 
PyRAMSES: Adding disturbance      204.010000 CHGPRM TOR g15 Tm0 0.001979475596954307 0
MESSAGE FROM add_disturb: 
PyRAMSES: Adding disturbance      204.010000 CHGPRM TOR g16 Tm0 0.0011546940982233456 0
Pausing at      205.000
MESSAGE FROM add_disturb: 
PyRAMSES: Adding disturbance      205.010000 CHGPRM TOR g6 Tm0 0.0005998592092790426 0
MESSAGE FROM add_disturb: 
PyRAMSES: Adding disturbance      205.010000 CHGPRM TOR g7 Tm0 0.0002999296046395213 0
MESSAGE FROM add_disturb: 
PyRAMSES: Adding disturbance      205.010000 CHGPRM TOR g14 Tm0 0.0010497536162383245 0
MESSAGE FROM add_disturb: 
PyRAMSES: Adding disturbance      205.010000 CHGPRM TOR g15 Tm0 0.0017995776278371277 0
MESSAGE FROM add_disturb: 
PyRAMSES: Adding disturbance      205.010000 CHGPRM TOR g16 Tm0 0.0010497536162383245 0
Pausing at      206.000
MESSAGE FROM add_disturb: 
PyRAMSES: Adding disturbance      206.010000 CHGPRM TOR g6 Tm0 0.0005482321171416102 0
MESSAGE FROM add_disturb: 
PyRAMSES: Adding disturbance      206.010000 CHGPRM TOR g7 Tm0 0.0002741160585708051 0
MESSAGE FROM add_disturb: 
PyRAMSES: Adding disturbance      206.010000 CHGPRM TOR g14 Tm0 0.0009594062049978178 0
MESSAGE FROM add_disturb: 
PyRAMSES: Adding disturbance      206.010000 CHGPRM TOR g15 Tm0 0.0016446963514248304 0
MESSAGE FROM add_disturb: 
PyRAMSES: Adding disturbance      206.010000 CHGPRM TOR g16 Tm0 0.0009594062049978178 0
Pausing at      207.000
MESSAGE FROM add_disturb: 
PyRAMSES: Adding disturbance      207.010000 CHGPRM TOR g6 Tm0 0.0005106570855121229 0
MESSAGE FROM add_disturb: 
PyRAMSES: Adding disturbance      207.010000 CHGPRM TOR g7 Tm0 0.00025532854275606143 0
MESSAGE FROM add_disturb: 
PyRAMSES: Adding disturbance      207.010000 CHGPRM TOR g14 Tm0 0.000893649899646215 0
MESSAGE FROM add_disturb: 
PyRAMSES: Adding disturbance      207.010000 CHGPRM TOR g15 Tm0 0.0015319712565363686 0
MESSAGE FROM add_disturb: 
PyRAMSES: Adding disturbance      207.010000 CHGPRM TOR g16 Tm0 0.000893649899646215 0
Pausing at      208.000
MESSAGE FROM add_disturb: 
PyRAMSES: Adding disturbance      208.010000 CHGPRM TOR g6 Tm0 0.0005030574447725964 0
MESSAGE FROM add_disturb: 
PyRAMSES: Adding disturbance      208.010000 CHGPRM TOR g7 Tm0 0.0002515287223862982 0
MESSAGE FROM add_disturb: 
PyRAMSES: Adding disturbance      208.010000 CHGPRM TOR g14 Tm0 0.0008803505283520437 0
MESSAGE FROM add_disturb: 
PyRAMSES: Adding disturbance      208.010000 CHGPRM TOR g15 Tm0 0.0015091723343177892 0
MESSAGE FROM add_disturb: 
PyRAMSES: Adding disturbance      208.010000 CHGPRM TOR g16 Tm0 0.0008803505283520437 0
Pausing at      209.000
MESSAGE FROM add_disturb: 
PyRAMSES: Adding disturbance      209.010000 CHGPRM TOR g6 Tm0 0.0005009923981735886 0
MESSAGE FROM add_disturb: 
PyRAMSES: Adding disturbance      209.010000 CHGPRM TOR g7 Tm0 0.0002504961990867943 0
MESSAGE FROM add_disturb: 
PyRAMSES: Adding disturbance      209.010000 CHGPRM TOR g14 Tm0 0.0008767366968037801 0
MESSAGE FROM add_disturb: 
PyRAMSES: Adding disturbance      209.010000 CHGPRM TOR g15 Tm0 0.0015029771945207658 0
MESSAGE FROM add_disturb: 
PyRAMSES: Adding disturbance      209.010000 CHGPRM TOR g16 Tm0 0.0008767366968037801 0
Pausing at      210.000
MESSAGE FROM add_disturb: 
PyRAMSES: Adding disturbance      210.010000 CHGPRM TOR g6 Tm0 0.0005009239031425888 0
MESSAGE FROM add_disturb: 
PyRAMSES: Adding disturbance      210.010000 CHGPRM TOR g7 Tm0 0.0002504619515712944 0
MESSAGE FROM add_disturb: 
PyRAMSES: Adding disturbance      210.010000 CHGPRM TOR g14 Tm0 0.0008766168304995305 0
MESSAGE FROM add_disturb: 
PyRAMSES: Adding disturbance      210.010000 CHGPRM TOR g15 Tm0 0.0015027717094277665 0
MESSAGE FROM add_disturb: 
PyRAMSES: Adding disturbance      210.010000 CHGPRM TOR g16 Tm0 0.0008766168304995305 0
Pausing at      211.000
MESSAGE FROM add_disturb: 
PyRAMSES: Adding disturbance      211.010000 CHGPRM TOR g6 Tm0 0.0005209995698696166 0
MESSAGE FROM add_disturb: 
PyRAMSES: Adding disturbance      211.010000 CHGPRM TOR g7 Tm0 0.0002604997849348083 0
MESSAGE FROM add_disturb: 
PyRAMSES: Adding disturbance      211.010000 CHGPRM TOR g14 Tm0 0.0009117492472718291 0
MESSAGE FROM add_disturb: 
PyRAMSES: Adding disturbance      211.010000 CHGPRM TOR g15 Tm0 0.0015629987096088499 0
MESSAGE FROM add_disturb: 
PyRAMSES: Adding disturbance      211.010000 CHGPRM TOR g16 Tm0 0.0009117492472718291 0
Pausing at      212.000
MESSAGE FROM add_disturb: 
PyRAMSES: Adding disturbance      212.010000 CHGPRM TOR g6 Tm0 0.0004787380471607622 0
MESSAGE FROM add_disturb: 
PyRAMSES: Adding disturbance      212.010000 CHGPRM TOR g7 Tm0 0.0002393690235803811 0
MESSAGE FROM add_disturb: 
PyRAMSES: Adding disturbance      212.010000 CHGPRM TOR g14 Tm0 0.0008377915825313339 0
MESSAGE FROM add_disturb: 
PyRAMSES: Adding disturbance      212.010000 CHGPRM TOR g15 Tm0 0.0014362141414822867 0
MESSAGE FROM add_disturb: 
PyRAMSES: Adding disturbance      212.010000 CHGPRM TOR g16 Tm0 0.0008377915825313339 0
Pausing at      213.000
MESSAGE FROM add_disturb: 
PyRAMSES: Adding disturbance      213.010000 CHGPRM TOR g6 Tm0 0.0005157546785560171 0
MESSAGE FROM add_disturb: 
PyRAMSES: Adding disturbance      213.010000 CHGPRM TOR g7 Tm0 0.00025787733927800857 0
MESSAGE FROM add_disturb: 
PyRAMSES: Adding disturbance      213.010000 CHGPRM TOR g14 Tm0 0.00090257068747303 0
MESSAGE FROM add_disturb: 
PyRAMSES: Adding disturbance      213.010000 CHGPRM TOR g15 Tm0 0.0015472640356680514 0
MESSAGE FROM add_disturb: 
PyRAMSES: Adding disturbance      213.010000 CHGPRM TOR g16 Tm0 0.00090257068747303 0
Pausing at      214.000
MESSAGE FROM add_disturb: 
PyRAMSES: Adding disturbance      214.010000 CHGPRM TOR g6 Tm0 0.0005318475278346863 0
MESSAGE FROM add_disturb: 
PyRAMSES: Adding disturbance      214.010000 CHGPRM TOR g7 Tm0 0.00026592376391734317 0
MESSAGE FROM add_disturb: 
PyRAMSES: Adding disturbance      214.010000 CHGPRM TOR g14 Tm0 0.0009307331737107011 0
MESSAGE FROM add_disturb: 
PyRAMSES: Adding disturbance      214.010000 CHGPRM TOR g15 Tm0 0.001595542583504059 0
MESSAGE FROM add_disturb: 
PyRAMSES: Adding disturbance      214.010000 CHGPRM TOR g16 Tm0 0.0009307331737107011 0
Pausing at      215.000
MESSAGE FROM add_disturb: 
PyRAMSES: Adding disturbance      215.010000 CHGPRM TOR g6 Tm0 0.0005716393021911945 0
MESSAGE FROM add_disturb: 
PyRAMSES: Adding disturbance      215.010000 CHGPRM TOR g7 Tm0 0.00028581965109559723 0
MESSAGE FROM add_disturb: 
PyRAMSES: Adding disturbance      215.010000 CHGPRM TOR g14 Tm0 0.0010003687788345903 0
MESSAGE FROM add_disturb: 
PyRAMSES: Adding disturbance      215.010000 CHGPRM TOR g15 Tm0 0.0017149179065735834 0
MESSAGE FROM add_disturb: 
PyRAMSES: Adding disturbance      215.010000 CHGPRM TOR g16 Tm0 0.0010003687788345903 0
Pausing at      216.000
MESSAGE FROM add_disturb: 
PyRAMSES: Adding disturbance      216.010000 CHGPRM TOR g6 Tm0 0.0005989219015154909 0
MESSAGE FROM add_disturb: 
PyRAMSES: Adding disturbance      216.010000 CHGPRM TOR g7 Tm0 0.00029946095075774546 0
MESSAGE FROM add_disturb: 
PyRAMSES: Adding disturbance      216.010000 CHGPRM TOR g14 Tm0 0.001048113327652109 0
MESSAGE FROM add_disturb: 
PyRAMSES: Adding disturbance      216.010000 CHGPRM TOR g15 Tm0 0.001796765704546473 0
MESSAGE FROM add_disturb: 
PyRAMSES: Adding disturbance      216.010000 CHGPRM TOR g16 Tm0 0.001048113327652109 0
Pausing at      217.000
MESSAGE FROM add_disturb: 
PyRAMSES: Adding disturbance      217.010000 CHGPRM TOR g6 Tm0 0.0006209028185845233 0
MESSAGE FROM add_disturb: 
PyRAMSES: Adding disturbance      217.010000 CHGPRM TOR g7 Tm0 0.00031045140929226165 0
MESSAGE FROM add_disturb: 
PyRAMSES: Adding disturbance      217.010000 CHGPRM TOR g14 Tm0 0.0010865799325229157 0
MESSAGE FROM add_disturb: 
PyRAMSES: Adding disturbance      217.010000 CHGPRM TOR g15 Tm0 0.00186270845575357 0
MESSAGE FROM add_disturb: 
PyRAMSES: Adding disturbance      217.010000 CHGPRM TOR g16 Tm0 0.0010865799325229157 0
Pausing at      218.000
MESSAGE FROM add_disturb: 
PyRAMSES: Adding disturbance      218.010000 CHGPRM TOR g6 Tm0 0.0006362878781891054 0
MESSAGE FROM add_disturb: 
PyRAMSES: Adding disturbance      218.010000 CHGPRM TOR g7 Tm0 0.0003181439390945527 0
MESSAGE FROM add_disturb: 
PyRAMSES: Adding disturbance      218.010000 CHGPRM TOR g14 Tm0 0.0011135037868309345 0
MESSAGE FROM add_disturb: 
PyRAMSES: Adding disturbance      218.010000 CHGPRM TOR g15 Tm0 0.0019088636345673165 0
MESSAGE FROM add_disturb: 
PyRAMSES: Adding disturbance      218.010000 CHGPRM TOR g16 Tm0 0.0011135037868309345 0
Pausing at      219.000
MESSAGE FROM add_disturb: 
PyRAMSES: Adding disturbance      219.010000 CHGPRM TOR g6 Tm0 0.0006382907908032115 0
MESSAGE FROM add_disturb: 
PyRAMSES: Adding disturbance      219.010000 CHGPRM TOR g7 Tm0 0.0003191453954016057 0
MESSAGE FROM add_disturb: 
PyRAMSES: Adding disturbance      219.010000 CHGPRM TOR g14 Tm0 0.00111700888390562 0
MESSAGE FROM add_disturb: 
PyRAMSES: Adding disturbance      219.010000 CHGPRM TOR g15 Tm0 0.0019148723724096344 0
MESSAGE FROM add_disturb: 
PyRAMSES: Adding disturbance      219.010000 CHGPRM TOR g16 Tm0 0.00111700888390562 0
Pausing at      220.000
MESSAGE FROM add_disturb: 
PyRAMSES: Adding disturbance      220.010000 CHGPRM TOR g6 Tm0 0.0006387250406516013 0
MESSAGE FROM add_disturb: 
PyRAMSES: Adding disturbance      220.010000 CHGPRM TOR g7 Tm0 0.00031936252032580063 0
MESSAGE FROM add_disturb: 
PyRAMSES: Adding disturbance      220.010000 CHGPRM TOR g14 Tm0 0.0011177688211403021 0
MESSAGE FROM add_disturb: 
PyRAMSES: Adding disturbance      220.010000 CHGPRM TOR g15 Tm0 0.0019161751219548039 0
MESSAGE FROM add_disturb: 
PyRAMSES: Adding disturbance      220.010000 CHGPRM TOR g16 Tm0 0.0011177688211403021 0
Pausing at      221.000
MESSAGE FROM add_disturb: 
PyRAMSES: Adding disturbance      221.010000 CHGPRM TOR g6 Tm0 0.0006281263857592131 0
MESSAGE FROM add_disturb: 
PyRAMSES: Adding disturbance      221.010000 CHGPRM TOR g7 Tm0 0.00031406319287960655 0
MESSAGE FROM add_disturb: 
PyRAMSES: Adding disturbance      221.010000 CHGPRM TOR g14 Tm0 0.0010992211750786229 0
MESSAGE FROM add_disturb: 
PyRAMSES: Adding disturbance      221.010000 CHGPRM TOR g15 Tm0 0.0018843791572776393 0
MESSAGE FROM add_disturb: 
PyRAMSES: Adding disturbance      221.010000 CHGPRM TOR g16 Tm0 0.0010992211750786229 0
Pausing at      222.000
MESSAGE FROM add_disturb: 
PyRAMSES: Adding disturbance      222.010000 CHGPRM TOR g6 Tm0 0.0005963877397853979 0
MESSAGE FROM add_disturb: 
PyRAMSES: Adding disturbance      222.010000 CHGPRM TOR g7 Tm0 0.0002981938698926989 0
MESSAGE FROM add_disturb: 
PyRAMSES: Adding disturbance      222.010000 CHGPRM TOR g14 Tm0 0.0010436785446244462 0
MESSAGE FROM add_disturb: 
PyRAMSES: Adding disturbance      222.010000 CHGPRM TOR g15 Tm0 0.0017891632193561937 0
MESSAGE FROM add_disturb: 
PyRAMSES: Adding disturbance      222.010000 CHGPRM TOR g16 Tm0 0.0010436785446244462 0
Pausing at      223.000
MESSAGE FROM add_disturb: 
PyRAMSES: Adding disturbance      223.010000 CHGPRM TOR g6 Tm0 0.0004704713526903104 0
MESSAGE FROM add_disturb: 
PyRAMSES: Adding disturbance      223.010000 CHGPRM TOR g7 Tm0 0.0002352356763451552 0
MESSAGE FROM add_disturb: 
PyRAMSES: Adding disturbance      223.010000 CHGPRM TOR g14 Tm0 0.0008233248672080433 0
MESSAGE FROM add_disturb: 
PyRAMSES: Adding disturbance      223.010000 CHGPRM TOR g15 Tm0 0.0014114140580709313 0
MESSAGE FROM add_disturb: 
PyRAMSES: Adding disturbance      223.010000 CHGPRM TOR g16 Tm0 0.0008233248672080433 0
Pausing at      224.000
MESSAGE FROM add_disturb: 
PyRAMSES: Adding disturbance      224.010000 CHGPRM TOR g6 Tm0 0.00037085424433126735 0
MESSAGE FROM add_disturb: 
PyRAMSES: Adding disturbance      224.010000 CHGPRM TOR g7 Tm0 0.00018542712216563367 0
MESSAGE FROM add_disturb: 
PyRAMSES: Adding disturbance      224.010000 CHGPRM TOR g14 Tm0 0.0006489949275797179 0
MESSAGE FROM add_disturb: 
PyRAMSES: Adding disturbance      224.010000 CHGPRM TOR g15 Tm0 0.001112562732993802 0
MESSAGE FROM add_disturb: 
PyRAMSES: Adding disturbance      224.010000 CHGPRM TOR g16 Tm0 0.0006489949275797179 0
Pausing at      225.000
MESSAGE FROM add_disturb: 
PyRAMSES: Adding disturbance      225.010000 CHGPRM TOR g6 Tm0 0.00034491998499930067 0
MESSAGE FROM add_disturb: 
PyRAMSES: Adding disturbance      225.010000 CHGPRM TOR g7 Tm0 0.00017245999249965033 0
MESSAGE FROM add_disturb: 
PyRAMSES: Adding disturbance      225.010000 CHGPRM TOR g14 Tm0 0.0006036099737487761 0
MESSAGE FROM add_disturb: 
PyRAMSES: Adding disturbance      225.010000 CHGPRM TOR g15 Tm0 0.001034759954997902 0
MESSAGE FROM add_disturb: 
PyRAMSES: Adding disturbance      225.010000 CHGPRM TOR g16 Tm0 0.0006036099737487761 0
Pausing at      226.000
MESSAGE FROM add_disturb: 
PyRAMSES: Adding disturbance      226.010000 CHGPRM TOR g6 Tm0 0.0003587376999984529 0
MESSAGE FROM add_disturb: 
PyRAMSES: Adding disturbance      226.010000 CHGPRM TOR g7 Tm0 0.00017936884999922645 0
MESSAGE FROM add_disturb: 
PyRAMSES: Adding disturbance      226.010000 CHGPRM TOR g14 Tm0 0.0006277909749972926 0
MESSAGE FROM add_disturb: 
PyRAMSES: Adding disturbance      226.010000 CHGPRM TOR g15 Tm0 0.0010762130999953587 0
MESSAGE FROM add_disturb: 
PyRAMSES: Adding disturbance      226.010000 CHGPRM TOR g16 Tm0 0.0006277909749972926 0
Pausing at      227.000
MESSAGE FROM add_disturb: 
PyRAMSES: Adding disturbance      227.010000 CHGPRM TOR g6 Tm0 0.00039672443507908777 0
MESSAGE FROM add_disturb: 
PyRAMSES: Adding disturbance      227.010000 CHGPRM TOR g7 Tm0 0.00019836221753954388 0
MESSAGE FROM add_disturb: 
PyRAMSES: Adding disturbance      227.010000 CHGPRM TOR g14 Tm0 0.0006942677613884036 0
MESSAGE FROM add_disturb: 
PyRAMSES: Adding disturbance      227.010000 CHGPRM TOR g15 Tm0 0.0011901733052372633 0
MESSAGE FROM add_disturb: 
PyRAMSES: Adding disturbance      227.010000 CHGPRM TOR g16 Tm0 0.0006942677613884036 0
Pausing at      228.000
MESSAGE FROM add_disturb: 
PyRAMSES: Adding disturbance      228.010000 CHGPRM TOR g6 Tm0 0.0004473858376403101 0
MESSAGE FROM add_disturb: 
PyRAMSES: Adding disturbance      228.010000 CHGPRM TOR g7 Tm0 0.00022369291882015505 0
MESSAGE FROM add_disturb: 
PyRAMSES: Adding disturbance      228.010000 CHGPRM TOR g14 Tm0 0.0007829252158705426 0
MESSAGE FROM add_disturb: 
PyRAMSES: Adding disturbance      228.010000 CHGPRM TOR g15 Tm0 0.0013421575129209302 0
MESSAGE FROM add_disturb: 
PyRAMSES: Adding disturbance      228.010000 CHGPRM TOR g16 Tm0 0.0007829252158705426 0
Pausing at      229.000
MESSAGE FROM add_disturb: 
PyRAMSES: Adding disturbance      229.010000 CHGPRM TOR g6 Tm0 0.000489105891617457 0
MESSAGE FROM add_disturb: 
PyRAMSES: Adding disturbance      229.010000 CHGPRM TOR g7 Tm0 0.0002445529458087285 0
MESSAGE FROM add_disturb: 
PyRAMSES: Adding disturbance      229.010000 CHGPRM TOR g14 Tm0 0.0008559353103305498 0
MESSAGE FROM add_disturb: 
PyRAMSES: Adding disturbance      229.010000 CHGPRM TOR g15 Tm0 0.0014673176748523711 0
MESSAGE FROM add_disturb: 
PyRAMSES: Adding disturbance      229.010000 CHGPRM TOR g16 Tm0 0.0008559353103305498 0
Pausing at      230.000
MESSAGE FROM add_disturb: 
PyRAMSES: Adding disturbance      230.010000 CHGPRM TOR g6 Tm0 0.000528154240508158 0
MESSAGE FROM add_disturb: 
PyRAMSES: Adding disturbance      230.010000 CHGPRM TOR g7 Tm0 0.000264077120254079 0
MESSAGE FROM add_disturb: 
PyRAMSES: Adding disturbance      230.010000 CHGPRM TOR g14 Tm0 0.0009242699208892764 0
MESSAGE FROM add_disturb: 
PyRAMSES: Adding disturbance      230.010000 CHGPRM TOR g15 Tm0 0.0015844627215244739 0
MESSAGE FROM add_disturb: 
PyRAMSES: Adding disturbance      230.010000 CHGPRM TOR g16 Tm0 0.0009242699208892764 0
Pausing at      231.000
MESSAGE FROM add_disturb: 
PyRAMSES: Adding disturbance      231.010000 CHGPRM TOR g6 Tm0 0.0005502297262346981 0
MESSAGE FROM add_disturb: 
PyRAMSES: Adding disturbance      231.010000 CHGPRM TOR g7 Tm0 0.00027511486311734905 0
MESSAGE FROM add_disturb: 
PyRAMSES: Adding disturbance      231.010000 CHGPRM TOR g14 Tm0 0.0009629020209107217 0
MESSAGE FROM add_disturb: 
PyRAMSES: Adding disturbance      231.010000 CHGPRM TOR g15 Tm0 0.0016506891787040944 0
MESSAGE FROM add_disturb: 
PyRAMSES: Adding disturbance      231.010000 CHGPRM TOR g16 Tm0 0.0009629020209107217 0
Pausing at      232.000
MESSAGE FROM add_disturb: 
PyRAMSES: Adding disturbance      232.010000 CHGPRM TOR g6 Tm0 0.0005654827883247046 0
MESSAGE FROM add_disturb: 
PyRAMSES: Adding disturbance      232.010000 CHGPRM TOR g7 Tm0 0.0002827413941623523 0
MESSAGE FROM add_disturb: 
PyRAMSES: Adding disturbance      232.010000 CHGPRM TOR g14 Tm0 0.000989594879568233 0
MESSAGE FROM add_disturb: 
PyRAMSES: Adding disturbance      232.010000 CHGPRM TOR g15 Tm0 0.001696448364974114 0
MESSAGE FROM add_disturb: 
PyRAMSES: Adding disturbance      232.010000 CHGPRM TOR g16 Tm0 0.000989594879568233 0
Pausing at      233.000
MESSAGE FROM add_disturb: 
PyRAMSES: Adding disturbance      233.010000 CHGPRM TOR g6 Tm0 0.000567588108902463 0
MESSAGE FROM add_disturb: 
PyRAMSES: Adding disturbance      233.010000 CHGPRM TOR g7 Tm0 0.0002837940544512315 0
MESSAGE FROM add_disturb: 
PyRAMSES: Adding disturbance      233.010000 CHGPRM TOR g14 Tm0 0.0009932791905793103 0
MESSAGE FROM add_disturb: 
PyRAMSES: Adding disturbance      233.010000 CHGPRM TOR g15 Tm0 0.0017027643267073888 0
MESSAGE FROM add_disturb: 
PyRAMSES: Adding disturbance      233.010000 CHGPRM TOR g16 Tm0 0.0009932791905793103 0
Pausing at      234.000
MESSAGE FROM add_disturb: 
PyRAMSES: Adding disturbance      234.010000 CHGPRM TOR g6 Tm0 0.0005644096702367319 0
MESSAGE FROM add_disturb: 
PyRAMSES: Adding disturbance      234.010000 CHGPRM TOR g7 Tm0 0.00028220483511836594 0
MESSAGE FROM add_disturb: 
PyRAMSES: Adding disturbance      234.010000 CHGPRM TOR g14 Tm0 0.0009877169229142808 0
MESSAGE FROM add_disturb: 
PyRAMSES: Adding disturbance      234.010000 CHGPRM TOR g15 Tm0 0.0016932290107101956 0
MESSAGE FROM add_disturb: 
PyRAMSES: Adding disturbance      234.010000 CHGPRM TOR g16 Tm0 0.0009877169229142808 0
Pausing at      235.000
MESSAGE FROM add_disturb: 
PyRAMSES: Adding disturbance      235.010000 CHGPRM TOR g6 Tm0 0.000521162382542309 0
MESSAGE FROM add_disturb: 
PyRAMSES: Adding disturbance      235.010000 CHGPRM TOR g7 Tm0 0.0002605811912711545 0
MESSAGE FROM add_disturb: 
PyRAMSES: Adding disturbance      235.010000 CHGPRM TOR g14 Tm0 0.0009120341694490407 0
MESSAGE FROM add_disturb: 
PyRAMSES: Adding disturbance      235.010000 CHGPRM TOR g15 Tm0 0.0015634871476269269 0
MESSAGE FROM add_disturb: 
PyRAMSES: Adding disturbance      235.010000 CHGPRM TOR g16 Tm0 0.0009120341694490407 0
Pausing at      236.000
MESSAGE FROM add_disturb: 
PyRAMSES: Adding disturbance      236.010000 CHGPRM TOR g6 Tm0 0.000489524820998405 0
MESSAGE FROM add_disturb: 
PyRAMSES: Adding disturbance      236.010000 CHGPRM TOR g7 Tm0 0.0002447624104992025 0
MESSAGE FROM add_disturb: 
PyRAMSES: Adding disturbance      236.010000 CHGPRM TOR g14 Tm0 0.0008566684367472087 0
MESSAGE FROM add_disturb: 
PyRAMSES: Adding disturbance      236.010000 CHGPRM TOR g15 Tm0 0.001468574462995215 0
MESSAGE FROM add_disturb: 
PyRAMSES: Adding disturbance      236.010000 CHGPRM TOR g16 Tm0 0.0008566684367472087 0
Pausing at      237.000
MESSAGE FROM add_disturb: 
PyRAMSES: Adding disturbance      237.010000 CHGPRM TOR g6 Tm0 0.0004596876945697937 0
MESSAGE FROM add_disturb: 
PyRAMSES: Adding disturbance      237.010000 CHGPRM TOR g7 Tm0 0.00022984384728489684 0
MESSAGE FROM add_disturb: 
PyRAMSES: Adding disturbance      237.010000 CHGPRM TOR g14 Tm0 0.000804453465497139 0
MESSAGE FROM add_disturb: 
PyRAMSES: Adding disturbance      237.010000 CHGPRM TOR g15 Tm0 0.001379063083709381 0
MESSAGE FROM add_disturb: 
PyRAMSES: Adding disturbance      237.010000 CHGPRM TOR g16 Tm0 0.000804453465497139 0
Pausing at      238.000
MESSAGE FROM add_disturb: 
PyRAMSES: Adding disturbance      238.010000 CHGPRM TOR g6 Tm0 0.00045284260943432024 0
MESSAGE FROM add_disturb: 
PyRAMSES: Adding disturbance      238.010000 CHGPRM TOR g7 Tm0 0.00022642130471716012 0
MESSAGE FROM add_disturb: 
PyRAMSES: Adding disturbance      238.010000 CHGPRM TOR g14 Tm0 0.0007924745665100605 0
MESSAGE FROM add_disturb: 
PyRAMSES: Adding disturbance      238.010000 CHGPRM TOR g15 Tm0 0.0013585278283029607 0
MESSAGE FROM add_disturb: 
PyRAMSES: Adding disturbance      238.010000 CHGPRM TOR g16 Tm0 0.0007924745665100605 0
Pausing at      239.000
MESSAGE FROM add_disturb: 
PyRAMSES: Adding disturbance      239.010000 CHGPRM TOR g6 Tm0 0.0004026688642198073 0
MESSAGE FROM add_disturb: 
PyRAMSES: Adding disturbance      239.010000 CHGPRM TOR g7 Tm0 0.00020133443210990364 0
MESSAGE FROM add_disturb: 
PyRAMSES: Adding disturbance      239.010000 CHGPRM TOR g14 Tm0 0.0007046705123846627 0
MESSAGE FROM add_disturb: 
PyRAMSES: Adding disturbance      239.010000 CHGPRM TOR g15 Tm0 0.0012080065926594217 0
MESSAGE FROM add_disturb: 
PyRAMSES: Adding disturbance      239.010000 CHGPRM TOR g16 Tm0 0.0007046705123846627 0
MESSAGE FROM DCTL sim_minmaxvolt MINMAXVOLT_Warning: 
t =  239.2120         Voltage out of bounds at bus 4021 :  1.10
Pausing at      240.000
MESSAGE FROM add_disturb: 
PyRAMSES: Adding disturbance      240.010000 CHGPRM TOR g6 Tm0 0.00027452096905078026 0
MESSAGE FROM add_disturb: 
PyRAMSES: Adding disturbance      240.010000 CHGPRM TOR g7 Tm0 0.00013726048452539013 0
MESSAGE FROM add_disturb: 
PyRAMSES: Adding disturbance      240.010000 CHGPRM TOR g14 Tm0 0.00048041169583886546 0
MESSAGE FROM add_disturb: 
PyRAMSES: Adding disturbance      240.010000 CHGPRM TOR g15 Tm0 0.0008235629071523408 0
MESSAGE FROM add_disturb: 
PyRAMSES: Adding disturbance      240.010000 CHGPRM TOR g16 Tm0 0.00048041169583886546 0
Pausing at      241.000
MESSAGE FROM add_disturb: 
PyRAMSES: Adding disturbance      241.010000 CHGPRM TOR g6 Tm0 0.00012510262426724817 0
MESSAGE FROM add_disturb: 
PyRAMSES: Adding disturbance      241.010000 CHGPRM TOR g7 Tm0 6.255131213362409e-05 0
MESSAGE FROM add_disturb: 
PyRAMSES: Adding disturbance      241.010000 CHGPRM TOR g14 Tm0 0.00021892959246768432 0
MESSAGE FROM add_disturb: 
PyRAMSES: Adding disturbance      241.010000 CHGPRM TOR g15 Tm0 0.0003753078728017445 0
MESSAGE FROM add_disturb: 
PyRAMSES: Adding disturbance      241.010000 CHGPRM TOR g16 Tm0 0.00021892959246768432 0
Pausing at      242.000
MESSAGE FROM add_disturb: 
PyRAMSES: Adding disturbance      242.010000 CHGPRM TOR g6 Tm0 0.000119486274225189 0
MESSAGE FROM add_disturb: 
PyRAMSES: Adding disturbance      242.010000 CHGPRM TOR g7 Tm0 5.97431371125945e-05 0
MESSAGE FROM add_disturb: 
PyRAMSES: Adding disturbance      242.010000 CHGPRM TOR g14 Tm0 0.00020910097989408074 0
MESSAGE FROM add_disturb: 
PyRAMSES: Adding disturbance      242.010000 CHGPRM TOR g15 Tm0 0.00035845882267556697 0
MESSAGE FROM add_disturb: 
PyRAMSES: Adding disturbance      242.010000 CHGPRM TOR g16 Tm0 0.00020910097989408074 0
Pausing at      243.000
MESSAGE FROM add_disturb: 
PyRAMSES: Adding disturbance      243.010000 CHGPRM TOR g6 Tm0 0.0001229330998681527 0
MESSAGE FROM add_disturb: 
PyRAMSES: Adding disturbance      243.010000 CHGPRM TOR g7 Tm0 6.146654993407636e-05 0
MESSAGE FROM add_disturb: 
PyRAMSES: Adding disturbance      243.010000 CHGPRM TOR g14 Tm0 0.00021513292476926725 0
MESSAGE FROM add_disturb: 
PyRAMSES: Adding disturbance      243.010000 CHGPRM TOR g15 Tm0 0.00036879929960445816 0
MESSAGE FROM add_disturb: 
PyRAMSES: Adding disturbance      243.010000 CHGPRM TOR g16 Tm0 0.00021513292476926725 0
Pausing at      244.000
MESSAGE FROM add_disturb: 
PyRAMSES: Adding disturbance      244.010000 CHGPRM TOR g6 Tm0 0.00018635378104980838 0
MESSAGE FROM add_disturb: 
PyRAMSES: Adding disturbance      244.010000 CHGPRM TOR g7 Tm0 9.317689052490419e-05 0
MESSAGE FROM add_disturb: 
PyRAMSES: Adding disturbance      244.010000 CHGPRM TOR g14 Tm0 0.00032611911683716466 0
MESSAGE FROM add_disturb: 
PyRAMSES: Adding disturbance      244.010000 CHGPRM TOR g15 Tm0 0.0005590613431494251 0
MESSAGE FROM add_disturb: 
PyRAMSES: Adding disturbance      244.010000 CHGPRM TOR g16 Tm0 0.00032611911683716466 0
Pausing at      245.000
MESSAGE FROM add_disturb: 
PyRAMSES: Adding disturbance      245.010000 CHGPRM TOR g6 Tm0 0.0002455716528593749 0
MESSAGE FROM add_disturb: 
PyRAMSES: Adding disturbance      245.010000 CHGPRM TOR g7 Tm0 0.00012278582642968744 0
MESSAGE FROM add_disturb: 
PyRAMSES: Adding disturbance      245.010000 CHGPRM TOR g14 Tm0 0.00042975039250390607 0
MESSAGE FROM add_disturb: 
PyRAMSES: Adding disturbance      245.010000 CHGPRM TOR g15 Tm0 0.0007367149585781247 0
MESSAGE FROM add_disturb: 
PyRAMSES: Adding disturbance      245.010000 CHGPRM TOR g16 Tm0 0.00042975039250390607 0
Pausing at      246.000
MESSAGE FROM add_disturb: 
PyRAMSES: Adding disturbance      246.010000 CHGPRM TOR g6 Tm0 0.0003108894698151413 0
MESSAGE FROM add_disturb: 
PyRAMSES: Adding disturbance      246.010000 CHGPRM TOR g7 Tm0 0.00015544473490757064 0
MESSAGE FROM add_disturb: 
PyRAMSES: Adding disturbance      246.010000 CHGPRM TOR g14 Tm0 0.0005440565721764973 0
MESSAGE FROM add_disturb: 
PyRAMSES: Adding disturbance      246.010000 CHGPRM TOR g15 Tm0 0.0009326684094454239 0
MESSAGE FROM add_disturb: 
PyRAMSES: Adding disturbance      246.010000 CHGPRM TOR g16 Tm0 0.0005440565721764973 0
Pausing at      247.000
MESSAGE FROM add_disturb: 
PyRAMSES: Adding disturbance      247.010000 CHGPRM TOR g6 Tm0 0.0003641131265492259 0
MESSAGE FROM add_disturb: 
PyRAMSES: Adding disturbance      247.010000 CHGPRM TOR g7 Tm0 0.00018205656327461295 0
MESSAGE FROM add_disturb: 
PyRAMSES: Adding disturbance      247.010000 CHGPRM TOR g14 Tm0 0.0006371979714611453 0
MESSAGE FROM add_disturb: 
PyRAMSES: Adding disturbance      247.010000 CHGPRM TOR g15 Tm0 0.0010923393796476778 0
MESSAGE FROM add_disturb: 
PyRAMSES: Adding disturbance      247.010000 CHGPRM TOR g16 Tm0 0.0006371979714611453 0
Pausing at      248.000
MESSAGE FROM add_disturb: 
PyRAMSES: Adding disturbance      248.010000 CHGPRM TOR g6 Tm0 0.0003480207513718095 0
MESSAGE FROM add_disturb: 
PyRAMSES: Adding disturbance      248.010000 CHGPRM TOR g7 Tm0 0.00017401037568590474 0
MESSAGE FROM add_disturb: 
PyRAMSES: Adding disturbance      248.010000 CHGPRM TOR g14 Tm0 0.0006090363149006666 0
MESSAGE FROM add_disturb: 
PyRAMSES: Adding disturbance      248.010000 CHGPRM TOR g15 Tm0 0.0010440622541154285 0
MESSAGE FROM add_disturb: 
PyRAMSES: Adding disturbance      248.010000 CHGPRM TOR g16 Tm0 0.0006090363149006666 0
Pausing at      249.000
MESSAGE FROM add_disturb: 
PyRAMSES: Adding disturbance      249.010000 CHGPRM TOR g6 Tm0 0.00030377964236629336 0
MESSAGE FROM add_disturb: 
PyRAMSES: Adding disturbance      249.010000 CHGPRM TOR g7 Tm0 0.00015188982118314668 0
MESSAGE FROM add_disturb: 
PyRAMSES: Adding disturbance      249.010000 CHGPRM TOR g14 Tm0 0.0005316143741410133 0
MESSAGE FROM add_disturb: 
PyRAMSES: Adding disturbance      249.010000 CHGPRM TOR g15 Tm0 0.0009113389270988801 0
MESSAGE FROM add_disturb: 
PyRAMSES: Adding disturbance      249.010000 CHGPRM TOR g16 Tm0 0.0005316143741410133 0
Pausing at      250.000
MESSAGE FROM add_disturb: 
PyRAMSES: Adding disturbance      250.010000 CHGPRM TOR g6 Tm0 0.0002952933475264652 0
MESSAGE FROM add_disturb: 
PyRAMSES: Adding disturbance      250.010000 CHGPRM TOR g7 Tm0 0.0001476466737632326 0
MESSAGE FROM add_disturb: 
PyRAMSES: Adding disturbance      250.010000 CHGPRM TOR g14 Tm0 0.0005167633581713141 0
MESSAGE FROM add_disturb: 
PyRAMSES: Adding disturbance      250.010000 CHGPRM TOR g15 Tm0 0.0008858800425793957 0
MESSAGE FROM add_disturb: 
PyRAMSES: Adding disturbance      250.010000 CHGPRM TOR g16 Tm0 0.0005167633581713141 0
Pausing at      251.000
MESSAGE FROM add_disturb: 
PyRAMSES: Adding disturbance      251.010000 CHGPRM TOR g6 Tm0 0.0003045671763366384 0
MESSAGE FROM add_disturb: 
PyRAMSES: Adding disturbance      251.010000 CHGPRM TOR g7 Tm0 0.0001522835881683192 0
MESSAGE FROM add_disturb: 
PyRAMSES: Adding disturbance      251.010000 CHGPRM TOR g14 Tm0 0.0005329925585891172 0
MESSAGE FROM add_disturb: 
PyRAMSES: Adding disturbance      251.010000 CHGPRM TOR g15 Tm0 0.0009137015290099151 0
MESSAGE FROM add_disturb: 
PyRAMSES: Adding disturbance      251.010000 CHGPRM TOR g16 Tm0 0.0005329925585891172 0
Pausing at      252.000
MESSAGE FROM add_disturb: 
PyRAMSES: Adding disturbance      252.010000 CHGPRM TOR g6 Tm0 0.0003152638268121441 0
MESSAGE FROM add_disturb: 
PyRAMSES: Adding disturbance      252.010000 CHGPRM TOR g7 Tm0 0.00015763191340607206 0
MESSAGE FROM add_disturb: 
PyRAMSES: Adding disturbance      252.010000 CHGPRM TOR g14 Tm0 0.0005517116969212522 0
MESSAGE FROM add_disturb: 
PyRAMSES: Adding disturbance      252.010000 CHGPRM TOR g15 Tm0 0.0009457914804364324 0
MESSAGE FROM add_disturb: 
PyRAMSES: Adding disturbance      252.010000 CHGPRM TOR g16 Tm0 0.0005517116969212522 0
Pausing at      253.000
MESSAGE FROM add_disturb: 
PyRAMSES: Adding disturbance      253.010000 CHGPRM TOR g6 Tm0 0.00033781140196250113 0
MESSAGE FROM add_disturb: 
PyRAMSES: Adding disturbance      253.010000 CHGPRM TOR g7 Tm0 0.00016890570098125057 0
MESSAGE FROM add_disturb: 
PyRAMSES: Adding disturbance      253.010000 CHGPRM TOR g14 Tm0 0.000591169953434377 0
MESSAGE FROM add_disturb: 
PyRAMSES: Adding disturbance      253.010000 CHGPRM TOR g15 Tm0 0.0010134342058875033 0
MESSAGE FROM add_disturb: 
PyRAMSES: Adding disturbance      253.010000 CHGPRM TOR g16 Tm0 0.000591169953434377 0
Pausing at      254.000
MESSAGE FROM add_disturb: 
PyRAMSES: Adding disturbance      254.010000 CHGPRM TOR g6 Tm0 0.0003496019713278814 0
MESSAGE FROM add_disturb: 
PyRAMSES: Adding disturbance      254.010000 CHGPRM TOR g7 Tm0 0.0001748009856639407 0
MESSAGE FROM add_disturb: 
PyRAMSES: Adding disturbance      254.010000 CHGPRM TOR g14 Tm0 0.0006118034498237924 0
MESSAGE FROM add_disturb: 
PyRAMSES: Adding disturbance      254.010000 CHGPRM TOR g15 Tm0 0.0010488059139836443 0
MESSAGE FROM add_disturb: 
PyRAMSES: Adding disturbance      254.010000 CHGPRM TOR g16 Tm0 0.0006118034498237924 0
Pausing at      255.000
MESSAGE FROM add_disturb: 
PyRAMSES: Adding disturbance      255.010000 CHGPRM TOR g6 Tm0 0.0003654687998402476 0
MESSAGE FROM add_disturb: 
PyRAMSES: Adding disturbance      255.010000 CHGPRM TOR g7 Tm0 0.0001827343999201238 0
MESSAGE FROM add_disturb: 
PyRAMSES: Adding disturbance      255.010000 CHGPRM TOR g14 Tm0 0.0006395703997204333 0
MESSAGE FROM add_disturb: 
PyRAMSES: Adding disturbance      255.010000 CHGPRM TOR g15 Tm0 0.0010964063995207427 0
MESSAGE FROM add_disturb: 
PyRAMSES: Adding disturbance      255.010000 CHGPRM TOR g16 Tm0 0.0006395703997204333 0
Pausing at      256.000
MESSAGE FROM add_disturb: 
PyRAMSES: Adding disturbance      256.010000 CHGPRM TOR g6 Tm0 0.00037025097818893374 0
MESSAGE FROM add_disturb: 
PyRAMSES: Adding disturbance      256.010000 CHGPRM TOR g7 Tm0 0.00018512548909446687 0
MESSAGE FROM add_disturb: 
PyRAMSES: Adding disturbance      256.010000 CHGPRM TOR g14 Tm0 0.000647939211830634 0
MESSAGE FROM add_disturb: 
PyRAMSES: Adding disturbance      256.010000 CHGPRM TOR g15 Tm0 0.0011107529345668011 0
MESSAGE FROM add_disturb: 
PyRAMSES: Adding disturbance      256.010000 CHGPRM TOR g16 Tm0 0.000647939211830634 0
Pausing at      257.000
MESSAGE FROM add_disturb: 
PyRAMSES: Adding disturbance      257.010000 CHGPRM TOR g6 Tm0 0.000374754229759279 0
MESSAGE FROM add_disturb: 
PyRAMSES: Adding disturbance      257.010000 CHGPRM TOR g7 Tm0 0.0001873771148796395 0
MESSAGE FROM add_disturb: 
PyRAMSES: Adding disturbance      257.010000 CHGPRM TOR g14 Tm0 0.0006558199020787383 0
MESSAGE FROM add_disturb: 
PyRAMSES: Adding disturbance      257.010000 CHGPRM TOR g15 Tm0 0.001124262689277837 0
MESSAGE FROM add_disturb: 
PyRAMSES: Adding disturbance      257.010000 CHGPRM TOR g16 Tm0 0.0006558199020787383 0
Pausing at      258.000
MESSAGE FROM add_disturb: 
PyRAMSES: Adding disturbance      258.010000 CHGPRM TOR g6 Tm0 0.00037267913333970674 0
MESSAGE FROM add_disturb: 
PyRAMSES: Adding disturbance      258.010000 CHGPRM TOR g7 Tm0 0.00018633956666985337 0
MESSAGE FROM add_disturb: 
PyRAMSES: Adding disturbance      258.010000 CHGPRM TOR g14 Tm0 0.0006521884833444868 0
MESSAGE FROM add_disturb: 
PyRAMSES: Adding disturbance      258.010000 CHGPRM TOR g15 Tm0 0.0011180374000191202 0
MESSAGE FROM add_disturb: 
PyRAMSES: Adding disturbance      258.010000 CHGPRM TOR g16 Tm0 0.0006521884833444868 0
Pausing at      259.000
MESSAGE FROM add_disturb: 
PyRAMSES: Adding disturbance      259.010000 CHGPRM TOR g6 Tm0 0.00036912892963587016 0
MESSAGE FROM add_disturb: 
PyRAMSES: Adding disturbance      259.010000 CHGPRM TOR g7 Tm0 0.00018456446481793508 0
MESSAGE FROM add_disturb: 
PyRAMSES: Adding disturbance      259.010000 CHGPRM TOR g14 Tm0 0.0006459756268627728 0
MESSAGE FROM add_disturb: 
PyRAMSES: Adding disturbance      259.010000 CHGPRM TOR g15 Tm0 0.0011073867889076104 0
MESSAGE FROM add_disturb: 
PyRAMSES: Adding disturbance      259.010000 CHGPRM TOR g16 Tm0 0.0006459756268627728 0
Pausing at      260.000
MESSAGE FROM add_disturb: 
PyRAMSES: Adding disturbance      260.010000 CHGPRM TOR g6 Tm0 0.00034887460540168337 0
MESSAGE FROM add_disturb: 
PyRAMSES: Adding disturbance      260.010000 CHGPRM TOR g7 Tm0 0.00017443730270084168 0
MESSAGE FROM add_disturb: 
PyRAMSES: Adding disturbance      260.010000 CHGPRM TOR g14 Tm0 0.0006105305594529459 0
MESSAGE FROM add_disturb: 
PyRAMSES: Adding disturbance      260.010000 CHGPRM TOR g15 Tm0 0.0010466238162050502 0
MESSAGE FROM add_disturb: 
PyRAMSES: Adding disturbance      260.010000 CHGPRM TOR g16 Tm0 0.0006105305594529459 0
Pausing at      261.000
MESSAGE FROM add_disturb: 
PyRAMSES: Adding disturbance      261.010000 CHGPRM TOR g6 Tm0 0.0003289341748592009 0
MESSAGE FROM add_disturb: 
PyRAMSES: Adding disturbance      261.010000 CHGPRM TOR g7 Tm0 0.00016446708742960046 0
MESSAGE FROM add_disturb: 
PyRAMSES: Adding disturbance      261.010000 CHGPRM TOR g14 Tm0 0.0005756348060036016 0
MESSAGE FROM add_disturb: 
PyRAMSES: Adding disturbance      261.010000 CHGPRM TOR g15 Tm0 0.0009868025245776029 0
MESSAGE FROM add_disturb: 
PyRAMSES: Adding disturbance      261.010000 CHGPRM TOR g16 Tm0 0.0005756348060036016 0
Pausing at      262.000
MESSAGE FROM add_disturb: 
PyRAMSES: Adding disturbance      262.010000 CHGPRM TOR g6 Tm0 0.00031671985025761716 0
MESSAGE FROM add_disturb: 
PyRAMSES: Adding disturbance      262.010000 CHGPRM TOR g7 Tm0 0.00015835992512880858 0
MESSAGE FROM add_disturb: 
PyRAMSES: Adding disturbance      262.010000 CHGPRM TOR g14 Tm0 0.0005542597379508301 0
MESSAGE FROM add_disturb: 
PyRAMSES: Adding disturbance      262.010000 CHGPRM TOR g15 Tm0 0.0009501595507728515 0
MESSAGE FROM add_disturb: 
PyRAMSES: Adding disturbance      262.010000 CHGPRM TOR g16 Tm0 0.0005542597379508301 0
Pausing at      263.000
MESSAGE FROM add_disturb: 
PyRAMSES: Adding disturbance      263.010000 CHGPRM TOR g6 Tm0 0.0002672505411976098 0
MESSAGE FROM add_disturb: 
PyRAMSES: Adding disturbance      263.010000 CHGPRM TOR g7 Tm0 0.0001336252705988049 0
MESSAGE FROM add_disturb: 
PyRAMSES: Adding disturbance      263.010000 CHGPRM TOR g14 Tm0 0.00046768844709581714 0
MESSAGE FROM add_disturb: 
PyRAMSES: Adding disturbance      263.010000 CHGPRM TOR g15 Tm0 0.0008017516235928294 0
MESSAGE FROM add_disturb: 
PyRAMSES: Adding disturbance      263.010000 CHGPRM TOR g16 Tm0 0.00046768844709581714 0
Pausing at      264.000
MESSAGE FROM add_disturb: 
PyRAMSES: Adding disturbance      264.010000 CHGPRM TOR g6 Tm0 0.00015906172735491583 0
MESSAGE FROM add_disturb: 
PyRAMSES: Adding disturbance      264.010000 CHGPRM TOR g7 Tm0 7.953086367745791e-05 0
MESSAGE FROM add_disturb: 
PyRAMSES: Adding disturbance      264.010000 CHGPRM TOR g14 Tm0 0.0002783580228711027 0
MESSAGE FROM add_disturb: 
PyRAMSES: Adding disturbance      264.010000 CHGPRM TOR g15 Tm0 0.0004771851820647475 0
MESSAGE FROM add_disturb: 
PyRAMSES: Adding disturbance      264.010000 CHGPRM TOR g16 Tm0 0.0002783580228711027 0
Pausing at      265.000
MESSAGE FROM add_disturb: 
PyRAMSES: Adding disturbance      265.010000 CHGPRM TOR g6 Tm0 0.00013888071568381595 0
MESSAGE FROM add_disturb: 
PyRAMSES: Adding disturbance      265.010000 CHGPRM TOR g7 Tm0 6.944035784190797e-05 0
MESSAGE FROM add_disturb: 
PyRAMSES: Adding disturbance      265.010000 CHGPRM TOR g14 Tm0 0.00024304125244667792 0
MESSAGE FROM add_disturb: 
PyRAMSES: Adding disturbance      265.010000 CHGPRM TOR g15 Tm0 0.00041664214705144784 0
MESSAGE FROM add_disturb: 
PyRAMSES: Adding disturbance      265.010000 CHGPRM TOR g16 Tm0 0.00024304125244667792 0
Pausing at      266.000
MESSAGE FROM add_disturb: 
PyRAMSES: Adding disturbance      266.010000 CHGPRM TOR g6 Tm0 0.00010140578332756419 0
MESSAGE FROM add_disturb: 
PyRAMSES: Adding disturbance      266.010000 CHGPRM TOR g7 Tm0 5.070289166378209e-05 0
MESSAGE FROM add_disturb: 
PyRAMSES: Adding disturbance      266.010000 CHGPRM TOR g14 Tm0 0.00017746012082323732 0
MESSAGE FROM add_disturb: 
PyRAMSES: Adding disturbance      266.010000 CHGPRM TOR g15 Tm0 0.00030421734998269253 0
MESSAGE FROM add_disturb: 
PyRAMSES: Adding disturbance      266.010000 CHGPRM TOR g16 Tm0 0.00017746012082323732 0
Pausing at      267.000
MESSAGE FROM add_disturb: 
PyRAMSES: Adding disturbance      267.010000 CHGPRM TOR g6 Tm0 8.605442798692437e-05 0
MESSAGE FROM add_disturb: 
PyRAMSES: Adding disturbance      267.010000 CHGPRM TOR g7 Tm0 4.3027213993462185e-05 0
MESSAGE FROM add_disturb: 
PyRAMSES: Adding disturbance      267.010000 CHGPRM TOR g14 Tm0 0.00015059524897711765 0
MESSAGE FROM add_disturb: 
PyRAMSES: Adding disturbance      267.010000 CHGPRM TOR g15 Tm0 0.00025816328396077314 0
MESSAGE FROM add_disturb: 
PyRAMSES: Adding disturbance      267.010000 CHGPRM TOR g16 Tm0 0.00015059524897711765 0
Pausing at      268.000
MESSAGE FROM add_disturb: 
PyRAMSES: Adding disturbance      268.010000 CHGPRM TOR g6 Tm0 0.00010483710905540705 0
MESSAGE FROM add_disturb: 
PyRAMSES: Adding disturbance      268.010000 CHGPRM TOR g7 Tm0 5.2418554527703526e-05 0
MESSAGE FROM add_disturb: 
PyRAMSES: Adding disturbance      268.010000 CHGPRM TOR g14 Tm0 0.00018346494084696234 0
MESSAGE FROM add_disturb: 
PyRAMSES: Adding disturbance      268.010000 CHGPRM TOR g15 Tm0 0.00031451132716622116 0
MESSAGE FROM add_disturb: 
PyRAMSES: Adding disturbance      268.010000 CHGPRM TOR g16 Tm0 0.00018346494084696234 0
Pausing at      269.000
MESSAGE FROM add_disturb: 
PyRAMSES: Adding disturbance      269.010000 CHGPRM TOR g6 Tm0 0.0001184161788683455 0
MESSAGE FROM add_disturb: 
PyRAMSES: Adding disturbance      269.010000 CHGPRM TOR g7 Tm0 5.920808943417275e-05 0
MESSAGE FROM add_disturb: 
PyRAMSES: Adding disturbance      269.010000 CHGPRM TOR g14 Tm0 0.00020722831301960462 0
MESSAGE FROM add_disturb: 
PyRAMSES: Adding disturbance      269.010000 CHGPRM TOR g15 Tm0 0.0003552485366050365 0
MESSAGE FROM add_disturb: 
PyRAMSES: Adding disturbance      269.010000 CHGPRM TOR g16 Tm0 0.00020722831301960462 0
Pausing at      270.000
MESSAGE FROM add_disturb: 
PyRAMSES: Adding disturbance      270.010000 CHGPRM TOR g6 Tm0 1.8820603959508747e-05 0
MESSAGE FROM add_disturb: 
PyRAMSES: Adding disturbance      270.010000 CHGPRM TOR g7 Tm0 9.410301979754373e-06 0
MESSAGE FROM add_disturb: 
PyRAMSES: Adding disturbance      270.010000 CHGPRM TOR g14 Tm0 3.293605692914031e-05 0
MESSAGE FROM add_disturb: 
PyRAMSES: Adding disturbance      270.010000 CHGPRM TOR g15 Tm0 5.646181187852624e-05 0
MESSAGE FROM add_disturb: 
PyRAMSES: Adding disturbance      270.010000 CHGPRM TOR g16 Tm0 3.293605692914031e-05 0
Pausing at      271.000
MESSAGE FROM add_disturb: 
PyRAMSES: Adding disturbance      271.010000 CHGPRM TOR g6 Tm0 -9.34554610156486e-06 0
MESSAGE FROM add_disturb: 
PyRAMSES: Adding disturbance      271.010000 CHGPRM TOR g7 Tm0 -4.67277305078243e-06 0
MESSAGE FROM add_disturb: 
PyRAMSES: Adding disturbance      271.010000 CHGPRM TOR g14 Tm0 -1.6354705677738506e-05 0
MESSAGE FROM add_disturb: 
PyRAMSES: Adding disturbance      271.010000 CHGPRM TOR g15 Tm0 -2.8036638304694583e-05 0
MESSAGE FROM add_disturb: 
PyRAMSES: Adding disturbance      271.010000 CHGPRM TOR g16 Tm0 -1.6354705677738506e-05 0
Pausing at      272.000
MESSAGE FROM add_disturb: 
PyRAMSES: Adding disturbance      272.010000 CHGPRM TOR g6 Tm0 -0.0001017685595083237 0
MESSAGE FROM add_disturb: 
PyRAMSES: Adding disturbance      272.010000 CHGPRM TOR g7 Tm0 -5.088427975416185e-05 0
MESSAGE FROM add_disturb: 
PyRAMSES: Adding disturbance      272.010000 CHGPRM TOR g14 Tm0 -0.00017809497913956647 0
MESSAGE FROM add_disturb: 
PyRAMSES: Adding disturbance      272.010000 CHGPRM TOR g15 Tm0 -0.0003053056785249711 0
MESSAGE FROM add_disturb: 
PyRAMSES: Adding disturbance      272.010000 CHGPRM TOR g16 Tm0 -0.00017809497913956647 0
Pausing at      273.000
MESSAGE FROM add_disturb: 
PyRAMSES: Adding disturbance      273.010000 CHGPRM TOR g6 Tm0 -7.092930153876771e-05 0
MESSAGE FROM add_disturb: 
PyRAMSES: Adding disturbance      273.010000 CHGPRM TOR g7 Tm0 -3.5464650769383854e-05 0
MESSAGE FROM add_disturb: 
PyRAMSES: Adding disturbance      273.010000 CHGPRM TOR g14 Tm0 -0.0001241262776928435 0
MESSAGE FROM add_disturb: 
PyRAMSES: Adding disturbance      273.010000 CHGPRM TOR g15 Tm0 -0.00021278790461630312 0
MESSAGE FROM add_disturb: 
PyRAMSES: Adding disturbance      273.010000 CHGPRM TOR g16 Tm0 -0.0001241262776928435 0
Pausing at      274.000
MESSAGE FROM add_disturb: 
PyRAMSES: Adding disturbance      274.010000 CHGPRM TOR g6 Tm0 -1.5709420785560402e-05 0
MESSAGE FROM add_disturb: 
PyRAMSES: Adding disturbance      274.010000 CHGPRM TOR g7 Tm0 -7.854710392780201e-06 0
MESSAGE FROM add_disturb: 
PyRAMSES: Adding disturbance      274.010000 CHGPRM TOR g14 Tm0 -2.7491486374730704e-05 0
MESSAGE FROM add_disturb: 
PyRAMSES: Adding disturbance      274.010000 CHGPRM TOR g15 Tm0 -4.712826235668121e-05 0
MESSAGE FROM add_disturb: 
PyRAMSES: Adding disturbance      274.010000 CHGPRM TOR g16 Tm0 -2.7491486374730704e-05 0
Pausing at      275.000
MESSAGE FROM add_disturb: 
PyRAMSES: Adding disturbance      275.010000 CHGPRM TOR g6 Tm0 4.7499777709657254e-05 0
MESSAGE FROM add_disturb: 
PyRAMSES: Adding disturbance      275.010000 CHGPRM TOR g7 Tm0 2.3749888854828627e-05 0
MESSAGE FROM add_disturb: 
PyRAMSES: Adding disturbance      275.010000 CHGPRM TOR g14 Tm0 8.31246109919002e-05 0
MESSAGE FROM add_disturb: 
PyRAMSES: Adding disturbance      275.010000 CHGPRM TOR g15 Tm0 0.00014249933312897176 0
MESSAGE FROM add_disturb: 
PyRAMSES: Adding disturbance      275.010000 CHGPRM TOR g16 Tm0 8.31246109919002e-05 0
Pausing at      276.000
MESSAGE FROM add_disturb: 
PyRAMSES: Adding disturbance      276.010000 CHGPRM TOR g6 Tm0 0.00013200567269128078 0
MESSAGE FROM add_disturb: 
PyRAMSES: Adding disturbance      276.010000 CHGPRM TOR g7 Tm0 6.600283634564039e-05 0
MESSAGE FROM add_disturb: 
PyRAMSES: Adding disturbance      276.010000 CHGPRM TOR g14 Tm0 0.00023100992720974137 0
MESSAGE FROM add_disturb: 
PyRAMSES: Adding disturbance      276.010000 CHGPRM TOR g15 Tm0 0.00039601701807384236 0
MESSAGE FROM add_disturb: 
PyRAMSES: Adding disturbance      276.010000 CHGPRM TOR g16 Tm0 0.00023100992720974137 0
Pausing at      277.000
MESSAGE FROM add_disturb: 
PyRAMSES: Adding disturbance      277.010000 CHGPRM TOR g6 Tm0 0.0001816578666296018 0
MESSAGE FROM add_disturb: 
PyRAMSES: Adding disturbance      277.010000 CHGPRM TOR g7 Tm0 9.08289333148009e-05 0
MESSAGE FROM add_disturb: 
PyRAMSES: Adding disturbance      277.010000 CHGPRM TOR g14 Tm0 0.0003179012666018031 0
MESSAGE FROM add_disturb: 
PyRAMSES: Adding disturbance      277.010000 CHGPRM TOR g15 Tm0 0.0005449735998888053 0
MESSAGE FROM add_disturb: 
PyRAMSES: Adding disturbance      277.010000 CHGPRM TOR g16 Tm0 0.0003179012666018031 0
Pausing at      278.000
MESSAGE FROM add_disturb: 
PyRAMSES: Adding disturbance      278.010000 CHGPRM TOR g6 Tm0 0.00023985275913558508 0
MESSAGE FROM add_disturb: 
PyRAMSES: Adding disturbance      278.010000 CHGPRM TOR g7 Tm0 0.00011992637956779254 0
MESSAGE FROM add_disturb: 
PyRAMSES: Adding disturbance      278.010000 CHGPRM TOR g14 Tm0 0.00041974232848727386 0
MESSAGE FROM add_disturb: 
PyRAMSES: Adding disturbance      278.010000 CHGPRM TOR g15 Tm0 0.0007195582774067553 0
MESSAGE FROM add_disturb: 
PyRAMSES: Adding disturbance      278.010000 CHGPRM TOR g16 Tm0 0.00041974232848727386 0
Pausing at      279.000
MESSAGE FROM add_disturb: 
PyRAMSES: Adding disturbance      279.010000 CHGPRM TOR g6 Tm0 0.000263610958370307 0
MESSAGE FROM add_disturb: 
PyRAMSES: Adding disturbance      279.010000 CHGPRM TOR g7 Tm0 0.0001318054791851535 0
MESSAGE FROM add_disturb: 
PyRAMSES: Adding disturbance      279.010000 CHGPRM TOR g14 Tm0 0.00046131917714803725 0
MESSAGE FROM add_disturb: 
PyRAMSES: Adding disturbance      279.010000 CHGPRM TOR g15 Tm0 0.000790832875110921 0
MESSAGE FROM add_disturb: 
PyRAMSES: Adding disturbance      279.010000 CHGPRM TOR g16 Tm0 0.00046131917714803725 0
Pausing at      280.000
MESSAGE FROM add_disturb: 
PyRAMSES: Adding disturbance      280.010000 CHGPRM TOR g6 Tm0 0.0002860463560071053 0
MESSAGE FROM add_disturb: 
PyRAMSES: Adding disturbance      280.010000 CHGPRM TOR g7 Tm0 0.00014302317800355264 0
MESSAGE FROM add_disturb: 
PyRAMSES: Adding disturbance      280.010000 CHGPRM TOR g14 Tm0 0.0005005811230124343 0
MESSAGE FROM add_disturb: 
PyRAMSES: Adding disturbance      280.010000 CHGPRM TOR g15 Tm0 0.0008581390680213159 0
MESSAGE FROM add_disturb: 
PyRAMSES: Adding disturbance      280.010000 CHGPRM TOR g16 Tm0 0.0005005811230124343 0
Pausing at      281.000
MESSAGE FROM add_disturb: 
PyRAMSES: Adding disturbance      281.010000 CHGPRM TOR g6 Tm0 0.0002893633827795089 0
MESSAGE FROM add_disturb: 
PyRAMSES: Adding disturbance      281.010000 CHGPRM TOR g7 Tm0 0.00014468169138975444 0
MESSAGE FROM add_disturb: 
PyRAMSES: Adding disturbance      281.010000 CHGPRM TOR g14 Tm0 0.0005063859198641405 0
MESSAGE FROM add_disturb: 
PyRAMSES: Adding disturbance      281.010000 CHGPRM TOR g15 Tm0 0.0008680901483385266 0
MESSAGE FROM add_disturb: 
PyRAMSES: Adding disturbance      281.010000 CHGPRM TOR g16 Tm0 0.0005063859198641405 0
Pausing at      282.000
MESSAGE FROM add_disturb: 
PyRAMSES: Adding disturbance      282.010000 CHGPRM TOR g6 Tm0 0.00025019135852968476 0
MESSAGE FROM add_disturb: 
PyRAMSES: Adding disturbance      282.010000 CHGPRM TOR g7 Tm0 0.00012509567926484238 0
MESSAGE FROM add_disturb: 
PyRAMSES: Adding disturbance      282.010000 CHGPRM TOR g14 Tm0 0.00043783487742694833 0
MESSAGE FROM add_disturb: 
PyRAMSES: Adding disturbance      282.010000 CHGPRM TOR g15 Tm0 0.0007505740755890543 0
MESSAGE FROM add_disturb: 
PyRAMSES: Adding disturbance      282.010000 CHGPRM TOR g16 Tm0 0.00043783487742694833 0
Pausing at      283.000
MESSAGE FROM add_disturb: 
PyRAMSES: Adding disturbance      283.010000 CHGPRM TOR g6 Tm0 0.0001924624558459709 0
MESSAGE FROM add_disturb: 
PyRAMSES: Adding disturbance      283.010000 CHGPRM TOR g7 Tm0 9.623122792298545e-05 0
MESSAGE FROM add_disturb: 
PyRAMSES: Adding disturbance      283.010000 CHGPRM TOR g14 Tm0 0.0003368092977304491 0
MESSAGE FROM add_disturb: 
PyRAMSES: Adding disturbance      283.010000 CHGPRM TOR g15 Tm0 0.0005773873675379127 0
MESSAGE FROM add_disturb: 
PyRAMSES: Adding disturbance      283.010000 CHGPRM TOR g16 Tm0 0.0003368092977304491 0
Pausing at      284.000
MESSAGE FROM add_disturb: 
PyRAMSES: Adding disturbance      284.010000 CHGPRM TOR g6 Tm0 0.0001668475243149503 0
MESSAGE FROM add_disturb: 
PyRAMSES: Adding disturbance      284.010000 CHGPRM TOR g7 Tm0 8.342376215747516e-05 0
MESSAGE FROM add_disturb: 
PyRAMSES: Adding disturbance      284.010000 CHGPRM TOR g14 Tm0 0.00029198316755116305 0
MESSAGE FROM add_disturb: 
PyRAMSES: Adding disturbance      284.010000 CHGPRM TOR g15 Tm0 0.0005005425729448509 0
MESSAGE FROM add_disturb: 
PyRAMSES: Adding disturbance      284.010000 CHGPRM TOR g16 Tm0 0.00029198316755116305 0
Pausing at      285.000
MESSAGE FROM add_disturb: 
PyRAMSES: Adding disturbance      285.010000 CHGPRM TOR g6 Tm0 0.00016282608407938162 0
MESSAGE FROM add_disturb: 
PyRAMSES: Adding disturbance      285.010000 CHGPRM TOR g7 Tm0 8.141304203969081e-05 0
MESSAGE FROM add_disturb: 
PyRAMSES: Adding disturbance      285.010000 CHGPRM TOR g14 Tm0 0.00028494564713891786 0
MESSAGE FROM add_disturb: 
PyRAMSES: Adding disturbance      285.010000 CHGPRM TOR g15 Tm0 0.0004884782522381448 0
MESSAGE FROM add_disturb: 
PyRAMSES: Adding disturbance      285.010000 CHGPRM TOR g16 Tm0 0.00028494564713891786 0
Pausing at      286.000
MESSAGE FROM add_disturb: 
PyRAMSES: Adding disturbance      286.010000 CHGPRM TOR g6 Tm0 0.00016317624643999443 0
MESSAGE FROM add_disturb: 
PyRAMSES: Adding disturbance      286.010000 CHGPRM TOR g7 Tm0 8.158812321999721e-05 0
MESSAGE FROM add_disturb: 
PyRAMSES: Adding disturbance      286.010000 CHGPRM TOR g14 Tm0 0.00028555843126999025 0
MESSAGE FROM add_disturb: 
PyRAMSES: Adding disturbance      286.010000 CHGPRM TOR g15 Tm0 0.0004895287393199833 0
MESSAGE FROM add_disturb: 
PyRAMSES: Adding disturbance      286.010000 CHGPRM TOR g16 Tm0 0.00028555843126999025 0
Pausing at      287.000
MESSAGE FROM add_disturb: 
PyRAMSES: Adding disturbance      287.010000 CHGPRM TOR g6 Tm0 0.00017769539684914514 0
MESSAGE FROM add_disturb: 
PyRAMSES: Adding disturbance      287.010000 CHGPRM TOR g7 Tm0 8.884769842457257e-05 0
MESSAGE FROM add_disturb: 
PyRAMSES: Adding disturbance      287.010000 CHGPRM TOR g14 Tm0 0.000310966944486004 0
MESSAGE FROM add_disturb: 
PyRAMSES: Adding disturbance      287.010000 CHGPRM TOR g15 Tm0 0.0005330861905474354 0
MESSAGE FROM add_disturb: 
PyRAMSES: Adding disturbance      287.010000 CHGPRM TOR g16 Tm0 0.000310966944486004 0
Pausing at      288.000
MESSAGE FROM add_disturb: 
PyRAMSES: Adding disturbance      288.010000 CHGPRM TOR g6 Tm0 0.0001865974472812948 0
MESSAGE FROM add_disturb: 
PyRAMSES: Adding disturbance      288.010000 CHGPRM TOR g7 Tm0 9.32987236406474e-05 0
MESSAGE FROM add_disturb: 
PyRAMSES: Adding disturbance      288.010000 CHGPRM TOR g14 Tm0 0.0003265455327422659 0
MESSAGE FROM add_disturb: 
PyRAMSES: Adding disturbance      288.010000 CHGPRM TOR g15 Tm0 0.0005597923418438844 0
MESSAGE FROM add_disturb: 
PyRAMSES: Adding disturbance      288.010000 CHGPRM TOR g16 Tm0 0.0003265455327422659 0
Pausing at      289.000
MESSAGE FROM add_disturb: 
PyRAMSES: Adding disturbance      289.010000 CHGPRM TOR g6 Tm0 0.00020151615045837514 0
MESSAGE FROM add_disturb: 
PyRAMSES: Adding disturbance      289.010000 CHGPRM TOR g7 Tm0 0.00010075807522918757 0
MESSAGE FROM add_disturb: 
PyRAMSES: Adding disturbance      289.010000 CHGPRM TOR g14 Tm0 0.0003526532633021565 0
MESSAGE FROM add_disturb: 
PyRAMSES: Adding disturbance      289.010000 CHGPRM TOR g15 Tm0 0.0006045484513751254 0
MESSAGE FROM add_disturb: 
PyRAMSES: Adding disturbance      289.010000 CHGPRM TOR g16 Tm0 0.0003526532633021565 0
Pausing at      290.000
MESSAGE FROM add_disturb: 
PyRAMSES: Adding disturbance      290.010000 CHGPRM TOR g6 Tm0 0.00020828142328155886 0
MESSAGE FROM add_disturb: 
PyRAMSES: Adding disturbance      290.010000 CHGPRM TOR g7 Tm0 0.00010414071164077943 0
MESSAGE FROM add_disturb: 
PyRAMSES: Adding disturbance      290.010000 CHGPRM TOR g14 Tm0 0.000364492490742728 0
MESSAGE FROM add_disturb: 
PyRAMSES: Adding disturbance      290.010000 CHGPRM TOR g15 Tm0 0.0006248442698446766 0
MESSAGE FROM add_disturb: 
PyRAMSES: Adding disturbance      290.010000 CHGPRM TOR g16 Tm0 0.000364492490742728 0
Pausing at      291.000
MESSAGE FROM add_disturb: 
PyRAMSES: Adding disturbance      291.010000 CHGPRM TOR g6 Tm0 0.0001807808774352132 0
MESSAGE FROM add_disturb: 
PyRAMSES: Adding disturbance      291.010000 CHGPRM TOR g7 Tm0 9.03904387176066e-05 0
MESSAGE FROM add_disturb: 
PyRAMSES: Adding disturbance      291.010000 CHGPRM TOR g14 Tm0 0.0003163665355116231 0
MESSAGE FROM add_disturb: 
PyRAMSES: Adding disturbance      291.010000 CHGPRM TOR g15 Tm0 0.0005423426323056396 0
MESSAGE FROM add_disturb: 
PyRAMSES: Adding disturbance      291.010000 CHGPRM TOR g16 Tm0 0.0003163665355116231 0
Pausing at      292.000
MESSAGE FROM add_disturb: 
PyRAMSES: Adding disturbance      292.010000 CHGPRM TOR g6 Tm0 0.00016083453628700783 0
MESSAGE FROM add_disturb: 
PyRAMSES: Adding disturbance      292.010000 CHGPRM TOR g7 Tm0 8.041726814350391e-05 0
MESSAGE FROM add_disturb: 
PyRAMSES: Adding disturbance      292.010000 CHGPRM TOR g14 Tm0 0.0002814604385022637 0
MESSAGE FROM add_disturb: 
PyRAMSES: Adding disturbance      292.010000 CHGPRM TOR g15 Tm0 0.00048250360886102346 0
MESSAGE FROM add_disturb: 
PyRAMSES: Adding disturbance      292.010000 CHGPRM TOR g16 Tm0 0.0002814604385022637 0
Pausing at      293.000
MESSAGE FROM add_disturb: 
PyRAMSES: Adding disturbance      293.010000 CHGPRM TOR g6 Tm0 0.00014864318322572182 0
MESSAGE FROM add_disturb: 
PyRAMSES: Adding disturbance      293.010000 CHGPRM TOR g7 Tm0 7.432159161286091e-05 0
MESSAGE FROM add_disturb: 
PyRAMSES: Adding disturbance      293.010000 CHGPRM TOR g14 Tm0 0.00026012557064501317 0
MESSAGE FROM add_disturb: 
PyRAMSES: Adding disturbance      293.010000 CHGPRM TOR g15 Tm0 0.00044592954967716546 0
MESSAGE FROM add_disturb: 
PyRAMSES: Adding disturbance      293.010000 CHGPRM TOR g16 Tm0 0.00026012557064501317 0
Pausing at      294.000
MESSAGE FROM add_disturb: 
PyRAMSES: Adding disturbance      294.010000 CHGPRM TOR g6 Tm0 8.093345311327993e-05 0
MESSAGE FROM add_disturb: 
PyRAMSES: Adding disturbance      294.010000 CHGPRM TOR g7 Tm0 4.046672655663997e-05 0
MESSAGE FROM add_disturb: 
PyRAMSES: Adding disturbance      294.010000 CHGPRM TOR g14 Tm0 0.0001416335429482399 0
MESSAGE FROM add_disturb: 
PyRAMSES: Adding disturbance      294.010000 CHGPRM TOR g15 Tm0 0.0002428003593398398 0
MESSAGE FROM add_disturb: 
PyRAMSES: Adding disturbance      294.010000 CHGPRM TOR g16 Tm0 0.0001416335429482399 0
Pausing at      295.000
MESSAGE FROM add_disturb: 
PyRAMSES: Adding disturbance      295.010000 CHGPRM TOR g6 Tm0 -3.0416869102234368e-05 0
MESSAGE FROM add_disturb: 
PyRAMSES: Adding disturbance      295.010000 CHGPRM TOR g7 Tm0 -1.5208434551117184e-05 0
MESSAGE FROM add_disturb: 
PyRAMSES: Adding disturbance      295.010000 CHGPRM TOR g14 Tm0 -5.3229520928910144e-05 0
MESSAGE FROM add_disturb: 
PyRAMSES: Adding disturbance      295.010000 CHGPRM TOR g15 Tm0 -9.12506073067031e-05 0
MESSAGE FROM add_disturb: 
PyRAMSES: Adding disturbance      295.010000 CHGPRM TOR g16 Tm0 -5.3229520928910144e-05 0
Pausing at      296.000
MESSAGE FROM add_disturb: 
PyRAMSES: Adding disturbance      296.010000 CHGPRM TOR g6 Tm0 -4.6436026583943096e-05 0
MESSAGE FROM add_disturb: 
PyRAMSES: Adding disturbance      296.010000 CHGPRM TOR g7 Tm0 -2.3218013291971548e-05 0
MESSAGE FROM add_disturb: 
PyRAMSES: Adding disturbance      296.010000 CHGPRM TOR g14 Tm0 -8.126304652190041e-05 0
MESSAGE FROM add_disturb: 
PyRAMSES: Adding disturbance      296.010000 CHGPRM TOR g15 Tm0 -0.0001393080797518293 0
MESSAGE FROM add_disturb: 
PyRAMSES: Adding disturbance      296.010000 CHGPRM TOR g16 Tm0 -8.126304652190041e-05 0
Pausing at      297.000
MESSAGE FROM add_disturb: 
PyRAMSES: Adding disturbance      297.010000 CHGPRM TOR g6 Tm0 -2.8500470357997737e-05 0
MESSAGE FROM add_disturb: 
PyRAMSES: Adding disturbance      297.010000 CHGPRM TOR g7 Tm0 -1.4250235178998869e-05 0
MESSAGE FROM add_disturb: 
PyRAMSES: Adding disturbance      297.010000 CHGPRM TOR g14 Tm0 -4.987582312649604e-05 0
MESSAGE FROM add_disturb: 
PyRAMSES: Adding disturbance      297.010000 CHGPRM TOR g15 Tm0 -8.550141107399321e-05 0
MESSAGE FROM add_disturb: 
PyRAMSES: Adding disturbance      297.010000 CHGPRM TOR g16 Tm0 -4.987582312649604e-05 0
Pausing at      298.000
MESSAGE FROM add_disturb: 
PyRAMSES: Adding disturbance      298.010000 CHGPRM TOR g6 Tm0 3.3091981001737213e-06 0
MESSAGE FROM add_disturb: 
PyRAMSES: Adding disturbance      298.010000 CHGPRM TOR g7 Tm0 1.6545990500868606e-06 0
MESSAGE FROM add_disturb: 
PyRAMSES: Adding disturbance      298.010000 CHGPRM TOR g14 Tm0 5.791096675304012e-06 0
MESSAGE FROM add_disturb: 
PyRAMSES: Adding disturbance      298.010000 CHGPRM TOR g15 Tm0 9.927594300521164e-06 0
MESSAGE FROM add_disturb: 
PyRAMSES: Adding disturbance      298.010000 CHGPRM TOR g16 Tm0 5.791096675304012e-06 0
Pausing at      299.000
MESSAGE FROM add_disturb: 
PyRAMSES: Adding disturbance      299.010000 CHGPRM TOR g6 Tm0 5.89364565087347e-05 0
MESSAGE FROM add_disturb: 
PyRAMSES: Adding disturbance      299.010000 CHGPRM TOR g7 Tm0 2.946822825436735e-05 0
MESSAGE FROM add_disturb: 
PyRAMSES: Adding disturbance      299.010000 CHGPRM TOR g14 Tm0 0.00010313879889028573 0
MESSAGE FROM add_disturb: 
PyRAMSES: Adding disturbance      299.010000 CHGPRM TOR g15 Tm0 0.0001768093695262041 0
MESSAGE FROM add_disturb: 
PyRAMSES: Adding disturbance      299.010000 CHGPRM TOR g16 Tm0 0.00010313879889028573 0
Pausing at      300.000

Total elapsed time                            2.9612 s
CPU time per thread                           2.8281 s

Profiling
=========
Local system building, factorization and Schur complement factors          0.2093 s ( 7.07 %)
Reduced system eliminations & factorization (network)                     0.0723 s ( 2.44 %)
Reduced system solution (TN network)                                       0.0746 s ( 2.52 %)
Injector evaluation and solution                                           0.5645 s (19.06 %)
Convergence checks at end of each N-I                                      0.1446 s ( 4.88 %)
Discrete events and other at end of time step                              0.0550 s ( 1.86 %)
Discrete controller computation (DCTL)                                     0.0363 s ( 1.23 %)
Latency computation                                                        0.0006 s ( 0.02 %)
Writing/displaying Observables                                             0.1106 s ( 3.74 %)
Time step initialization                                                   0.4196 s (14.17 %)
Remaining time                                                             1.2204 s (41.21 %)

Average time step                             0.0194 s

Time steps                      15454

Network Jacobians                 913
Network solutions               13667
Network evaluations             42422
Injector Jacobians              39976 (on average              929 per injector)
Injector solutions             765947 (on average            17812 per injector)
Injector evaluations          2505353 (on average            58264 per injector)
 
**Simulation finished**
